Using device: cuda
GPU: NVIDIA GeForce RTX 5060 Laptop GPU  (8.5 GB)
Model parameters: 51.56M (non-embedding: 51.43M)
iter      0  loss 10.8791  lr 1.50e-06  ms/iter   468.2  tok/s 69,990
iter      5  loss 10.5258  lr 9.00e-06  ms/iter  1595.5  tok/s 20,538
iter     10  loss 10.0465  lr 1.65e-05  ms/iter  1563.0  tok/s 20,965
iter     15  loss 9.7407  lr 2.40e-05  ms/iter  1543.0  tok/s 21,237
iter     20  loss 9.5313  lr 3.15e-05  ms/iter  1534.1  tok/s 21,360
iter     25  loss 9.3447  lr 3.90e-05  ms/iter  1527.8  tok/s 21,447
iter     30  loss 9.0910  lr 4.65e-05  ms/iter  1523.1  tok/s 21,514
iter     35  loss 8.8202  lr 5.40e-05  ms/iter  1525.2  tok/s 21,484
iter     40  loss 8.5473  lr 6.15e-05  ms/iter  1530.8  tok/s 21,406
iter     45  loss 8.2038  lr 6.90e-05  ms/iter  1523.2  tok/s 21,513
iter     50  loss 7.8902  lr 7.65e-05  ms/iter  1525.8  tok/s 21,476
iter     55  loss 7.5276  lr 8.40e-05  ms/iter  1553.6  tok/s 21,091
iter     60  loss 7.1808  lr 9.15e-05  ms/iter  1530.6  tok/s 21,409
iter     65  loss 6.7995  lr 9.90e-05  ms/iter  1604.4  tok/s 20,423
iter     70  loss 6.5073  lr 1.07e-04  ms/iter  1547.7  tok/s 21,171
iter     75  loss 6.1849  lr 1.14e-04  ms/iter  1531.3  tok/s 21,399
iter     80  loss 5.9130  lr 1.21e-04  ms/iter  1546.1  tok/s 21,194
iter     85  loss 5.6276  lr 1.29e-04  ms/iter  1561.4  tok/s 20,986
iter     90  loss 5.4186  lr 1.36e-04  ms/iter  1521.2  tok/s 21,541
iter     95  loss 5.1572  lr 1.44e-04  ms/iter  1522.2  tok/s 21,526
iter    100  loss 5.0586  lr 1.51e-04  ms/iter  1532.8  tok/s 21,378
iter    105  loss 4.9122  lr 1.59e-04  ms/iter  1530.1  tok/s 21,416
iter    110  loss 4.7094  lr 1.66e-04  ms/iter  1534.2  tok/s 21,358
iter    115  loss 4.6451  lr 1.74e-04  ms/iter  1525.6  tok/s 21,479
iter    120  loss 4.5047  lr 1.81e-04  ms/iter  1525.5  tok/s 21,480
iter    125  loss 4.4131  lr 1.89e-04  ms/iter  1531.9  tok/s 21,391
iter    130  loss 4.4079  lr 1.96e-04  ms/iter  1531.1  tok/s 21,402
iter    135  loss 4.2710  lr 2.04e-04  ms/iter  1532.2  tok/s 21,387
iter    140  loss 4.2251  lr 2.11e-04  ms/iter  1523.0  tok/s 21,515
iter    145  loss 4.1878  lr 2.19e-04  ms/iter  1522.6  tok/s 21,521
iter    150  loss 4.1580  lr 2.26e-04  ms/iter  1529.7  tok/s 21,421
iter    155  loss 4.0564  lr 2.34e-04  ms/iter  1540.1  tok/s 21,277
iter    160  loss 3.9964  lr 2.41e-04  ms/iter  1569.2  tok/s 20,882
iter    165  loss 3.9434  lr 2.49e-04  ms/iter  1527.6  tok/s 21,450
iter    170  loss 3.8297  lr 2.57e-04  ms/iter  1530.9  tok/s 21,405
iter    175  loss 3.8558  lr 2.64e-04  ms/iter  1540.1  tok/s 21,276
iter    180  loss 3.8069  lr 2.71e-04  ms/iter  1541.5  tok/s 21,257
iter    185  loss 3.7545  lr 2.79e-04  ms/iter  1557.5  tok/s 21,039
iter    190  loss 3.7379  lr 2.86e-04  ms/iter  1526.5  tok/s 21,466
iter    195  loss 3.7115  lr 2.94e-04  ms/iter  1526.3  tok/s 21,470
iter    200  loss 3.6457  lr 3.00e-04  ms/iter  1527.8  tok/s 21,447
iter    205  loss 3.6314  lr 3.00e-04  ms/iter  1531.0  tok/s 21,403
iter    210  loss 3.5446  lr 3.00e-04  ms/iter  1525.0  tok/s 21,487
iter    215  loss 3.5764  lr 3.00e-04  ms/iter  1535.8  tok/s 21,336
iter    220  loss 3.4822  lr 3.00e-04  ms/iter  1533.6  tok/s 21,366
iter    225  loss 3.4143  lr 3.00e-04  ms/iter  1524.8  tok/s 21,490
iter    230  loss 3.4696  lr 3.00e-04  ms/iter  1556.6  tok/s 21,051
iter    235  loss 3.4459  lr 3.00e-04  ms/iter  1545.9  tok/s 21,196
iter    240  loss 3.3903  lr 3.00e-04  ms/iter  1550.3  tok/s 21,137
iter    245  loss 3.3967  lr 3.00e-04  ms/iter  1528.2  tok/s 21,443
[eval] iter    250  train_loss 3.2561  val_loss 3.2828  lr 3.00e-04
  -> new best (val=3.2828); saved best.pt
iter    250  loss 3.3423  lr 3.00e-04  ms/iter  4725.8  tok/s 6,934
iter    255  loss 3.2386  lr 3.00e-04  ms/iter  1563.5  tok/s 20,959
iter    260  loss 3.2781  lr 3.00e-04  ms/iter  1558.4  tok/s 21,027
iter    265  loss 3.2547  lr 3.00e-04  ms/iter  1551.5  tok/s 21,120
iter    270  loss 3.2028  lr 3.00e-04  ms/iter  1538.7  tok/s 21,296
iter    275  loss 3.1481  lr 3.00e-04  ms/iter  1529.3  tok/s 21,427
iter    280  loss 3.1853  lr 3.00e-04  ms/iter  1529.4  tok/s 21,426
iter    285  loss 3.1414  lr 3.00e-04  ms/iter  1537.3  tok/s 21,315
iter    290  loss 3.1093  lr 3.00e-04  ms/iter  1536.0  tok/s 21,334
iter    295  loss 3.1504  lr 3.00e-04  ms/iter  1539.4  tok/s 21,287
iter    300  loss 3.1473  lr 3.00e-04  ms/iter  1532.1  tok/s 21,387
iter    305  loss 3.0576  lr 3.00e-04  ms/iter  1595.6  tok/s 20,537
iter    310  loss 3.1134  lr 3.00e-04  ms/iter  1552.9  tok/s 21,102
iter    315  loss 3.0341  lr 3.00e-04  ms/iter  1531.1  tok/s 21,402
iter    320  loss 2.9789  lr 3.00e-04  ms/iter  1541.4  tok/s 21,259
iter    325  loss 2.9938  lr 3.00e-04  ms/iter  1528.3  tok/s 21,441
iter    330  loss 2.9646  lr 3.00e-04  ms/iter  1535.0  tok/s 21,347
iter    335  loss 2.9434  lr 2.99e-04  ms/iter  1534.5  tok/s 21,354
iter    340  loss 2.9567  lr 2.99e-04  ms/iter  1530.6  tok/s 21,408
iter    345  loss 2.9692  lr 2.99e-04  ms/iter  1528.4  tok/s 21,439
iter    350  loss 2.9163  lr 2.99e-04  ms/iter  1530.3  tok/s 21,412
iter    355  loss 2.9639  lr 2.99e-04  ms/iter  1531.1  tok/s 21,402
iter    360  loss 2.9047  lr 2.99e-04  ms/iter  1550.1  tok/s 21,139
iter    365  loss 2.8564  lr 2.99e-04  ms/iter  1554.5  tok/s 21,079
iter    370  loss 2.8824  lr 2.99e-04  ms/iter  1530.7  tok/s 21,408
iter    375  loss 2.8197  lr 2.99e-04  ms/iter  1534.4  tok/s 21,355
iter    380  loss 2.8814  lr 2.99e-04  ms/iter  1702.7  tok/s 19,245
iter    385  loss 2.8425  lr 2.99e-04  ms/iter  1735.4  tok/s 18,882
iter    390  loss 2.7715  lr 2.99e-04  ms/iter  1726.4  tok/s 18,981
iter    395  loss 2.7770  lr 2.99e-04  ms/iter  1732.5  tok/s 18,913
iter    400  loss 2.8128  lr 2.99e-04  ms/iter  1724.4  tok/s 19,002
iter    405  loss 2.7501  lr 2.99e-04  ms/iter  1720.5  tok/s 19,046
iter    410  loss 2.7765  lr 2.99e-04  ms/iter  1740.0  tok/s 18,832
iter    415  loss 2.7551  lr 2.99e-04  ms/iter  1756.7  tok/s 18,653
iter    420  loss 2.7288  lr 2.99e-04  ms/iter  1711.4  tok/s 19,147
iter    425  loss 2.7274  lr 2.99e-04  ms/iter  1709.7  tok/s 19,166
iter    430  loss 2.7551  lr 2.98e-04  ms/iter  1693.8  tok/s 19,346
iter    435  loss 2.7539  lr 2.98e-04  ms/iter  1682.1  tok/s 19,480
iter    440  loss 2.7133  lr 2.98e-04  ms/iter  1685.3  tok/s 19,443
iter    445  loss 2.7050  lr 2.98e-04  ms/iter  1691.9  tok/s 19,367
iter    450  loss 2.6243  lr 2.98e-04  ms/iter  1691.0  tok/s 19,378
iter    455  loss 2.6640  lr 2.98e-04  ms/iter  1688.0  tok/s 19,412
iter    460  loss 2.6714  lr 2.98e-04  ms/iter  1687.3  tok/s 19,421
iter    465  loss 2.6695  lr 2.98e-04  ms/iter  1684.5  tok/s 19,453
iter    470  loss 2.6554  lr 2.98e-04  ms/iter  1718.2  tok/s 19,071
iter    475  loss 2.6578  lr 2.98e-04  ms/iter  1710.8  tok/s 19,153
iter    480  loss 2.6358  lr 2.98e-04  ms/iter  1686.4  tok/s 19,431
iter    485  loss 2.5862  lr 2.98e-04  ms/iter  1688.3  tok/s 19,409
iter    490  loss 2.6502  lr 2.98e-04  ms/iter  1691.6  tok/s 19,371
iter    495  loss 2.6882  lr 2.97e-04  ms/iter  1702.5  tok/s 19,247
[eval] iter    500  train_loss 2.5361  val_loss 2.5177  lr 2.97e-04
  -> new best (val=2.5177); saved best.pt
iter    500  loss 2.5706  lr 2.97e-04  ms/iter  5423.9  tok/s 6,041
iter    505  loss 2.6002  lr 2.97e-04  ms/iter  1723.2  tok/s 19,016
iter    510  loss 2.5708  lr 2.97e-04  ms/iter  1703.1  tok/s 19,241
iter    515  loss 2.5293  lr 2.97e-04  ms/iter  1712.9  tok/s 19,131
iter    520  loss 2.5451  lr 2.97e-04  ms/iter  1746.1  tok/s 18,766
iter    525  loss 2.5382  lr 2.97e-04  ms/iter  1710.5  tok/s 19,157
iter    530  loss 2.5449  lr 2.97e-04  ms/iter  1694.1  tok/s 19,343
iter    535  loss 2.5638  lr 2.97e-04  ms/iter  1686.1  tok/s 19,434
iter    540  loss 2.5088  lr 2.97e-04  ms/iter  1688.5  tok/s 19,407
iter    545  loss 2.4598  lr 2.97e-04  ms/iter  1707.5  tok/s 19,191
iter    550  loss 2.5108  lr 2.96e-04  ms/iter  1717.2  tok/s 19,082
iter    555  loss 2.5252  lr 2.96e-04  ms/iter  1665.5  tok/s 19,675
iter    560  loss 2.4773  lr 2.96e-04  ms/iter  1665.0  tok/s 19,680
iter    565  loss 2.4848  lr 2.96e-04  ms/iter  1698.1  tok/s 19,297
iter    570  loss 2.4909  lr 2.96e-04  ms/iter  1700.3  tok/s 19,272
iter    575  loss 2.4576  lr 2.96e-04  ms/iter  1728.3  tok/s 18,959
iter    580  loss 2.4738  lr 2.96e-04  ms/iter  1813.0  tok/s 18,074
iter    585  loss 2.4645  lr 2.96e-04  ms/iter  1673.3  tok/s 19,583
iter    590  loss 2.4781  lr 2.96e-04  ms/iter  1677.7  tok/s 19,531
iter    595  loss 2.4877  lr 2.96e-04  ms/iter  1677.0  tok/s 19,540
iter    600  loss 2.4533  lr 2.95e-04  ms/iter  1675.0  tok/s 19,563
iter    605  loss 2.5082  lr 2.95e-04  ms/iter  1668.0  tok/s 19,645
iter    610  loss 2.4861  lr 2.95e-04  ms/iter  1733.1  tok/s 18,908
iter    615  loss 2.4842  lr 2.95e-04  ms/iter  1698.6  tok/s 19,291
iter    620  loss 2.4491  lr 2.95e-04  ms/iter  1665.4  tok/s 19,676
iter    625  loss 2.3730  lr 2.95e-04  ms/iter  1665.9  tok/s 19,670
iter    630  loss 2.4491  lr 2.95e-04  ms/iter  1672.3  tok/s 19,595
iter    635  loss 2.4272  lr 2.95e-04  ms/iter  1700.5  tok/s 19,269
iter    640  loss 2.3419  lr 2.94e-04  ms/iter  1791.5  tok/s 18,291
iter    645  loss 2.4556  lr 2.94e-04  ms/iter  1668.8  tok/s 19,636
iter    650  loss 2.4158  lr 2.94e-04  ms/iter  1669.2  tok/s 19,630
iter    655  loss 2.4124  lr 2.94e-04  ms/iter  1669.2  tok/s 19,631
iter    660  loss 2.3649  lr 2.94e-04  ms/iter  1669.7  tok/s 19,625
iter    665  loss 2.3682  lr 2.94e-04  ms/iter  1796.1  tok/s 18,244
iter    670  loss 2.3639  lr 2.94e-04  ms/iter  1835.5  tok/s 17,852
iter    675  loss 2.3587  lr 2.94e-04  ms/iter  1669.0  tok/s 19,634
iter    680  loss 2.3673  lr 2.93e-04  ms/iter  1685.3  tok/s 19,444
iter    685  loss 2.3110  lr 2.93e-04  ms/iter  1717.8  tok/s 19,075
iter    690  loss 2.3867  lr 2.93e-04  ms/iter  1674.2  tok/s 19,572
iter    695  loss 2.2955  lr 2.93e-04  ms/iter  1695.9  tok/s 19,322
iter    700  loss 2.3086  lr 2.93e-04  ms/iter  1668.1  tok/s 19,644
iter    705  loss 2.3352  lr 2.93e-04  ms/iter  1667.3  tok/s 19,654
iter    710  loss 2.3424  lr 2.93e-04  ms/iter  1667.5  tok/s 19,651
iter    715  loss 2.2942  lr 2.92e-04  ms/iter  1671.3  tok/s 19,606
iter    720  loss 2.3421  lr 2.92e-04  ms/iter  1696.6  tok/s 19,313
iter    725  loss 2.3241  lr 2.92e-04  ms/iter  1666.1  tok/s 19,668
iter    730  loss 2.3195  lr 2.92e-04  ms/iter  1673.6  tok/s 19,579
iter    735  loss 2.2769  lr 2.92e-04  ms/iter  1694.2  tok/s 19,341
iter    740  loss 2.3269  lr 2.92e-04  ms/iter  1665.1  tok/s 19,679
iter    745  loss 2.2938  lr 2.92e-04  ms/iter  1698.1  tok/s 19,297
[eval] iter    750  train_loss 2.2299  val_loss 2.2423  lr 2.91e-04
  -> new best (val=2.2423); saved best.pt
iter    750  loss 2.3169  lr 2.91e-04  ms/iter  5256.5  tok/s 6,234
iter    755  loss 2.2817  lr 2.91e-04  ms/iter  1672.2  tok/s 19,595
iter    760  loss 2.3488  lr 2.91e-04  ms/iter  1666.3  tok/s 19,665
iter    765  loss 2.3123  lr 2.91e-04  ms/iter  1678.0  tok/s 19,529
iter    770  loss 2.3387  lr 2.91e-04  ms/iter  1667.7  tok/s 19,648
iter    775  loss 2.2167  lr 2.91e-04  ms/iter  1667.0  tok/s 19,657
iter    780  loss 2.2750  lr 2.90e-04  ms/iter  1664.6  tok/s 19,685
iter    785  loss 2.2569  lr 2.90e-04  ms/iter  1666.3  tok/s 19,665
iter    790  loss 2.2463  lr 2.90e-04  ms/iter  1665.1  tok/s 19,679
iter    795  loss 2.2627  lr 2.90e-04  ms/iter  1674.9  tok/s 19,564
iter    800  loss 2.3167  lr 2.90e-04  ms/iter  1697.1  tok/s 19,308
iter    805  loss 2.2252  lr 2.90e-04  ms/iter  1667.9  tok/s 19,646
iter    810  loss 2.2058  lr 2.89e-04  ms/iter  1666.7  tok/s 19,660
iter    815  loss 2.2033  lr 2.89e-04  ms/iter  1677.7  tok/s 19,532
iter    820  loss 2.2942  lr 2.89e-04  ms/iter  1668.4  tok/s 19,641
iter    825  loss 2.2588  lr 2.89e-04  ms/iter  1712.2  tok/s 19,138
iter    830  loss 2.2692  lr 2.89e-04  ms/iter  1691.0  tok/s 19,378
iter    835  loss 2.3013  lr 2.89e-04  ms/iter  1707.9  tok/s 19,186
iter    840  loss 2.2631  lr 2.88e-04  ms/iter  1666.7  tok/s 19,661
iter    845  loss 2.2533  lr 2.88e-04  ms/iter  1684.2  tok/s 19,456
iter    850  loss 2.2784  lr 2.88e-04  ms/iter  1698.7  tok/s 19,290
iter    855  loss 2.2032  lr 2.88e-04  ms/iter  1693.1  tok/s 19,354
iter    860  loss 2.2638  lr 2.88e-04  ms/iter  1665.4  tok/s 19,675
iter    865  loss 2.2202  lr 2.87e-04  ms/iter  1672.8  tok/s 19,589
iter    870  loss 2.2297  lr 2.87e-04  ms/iter  1674.5  tok/s 19,569
iter    875  loss 2.2574  lr 2.87e-04  ms/iter  1709.5  tok/s 19,168
iter    880  loss 2.2264  lr 2.87e-04  ms/iter  1662.4  tok/s 19,711
iter    885  loss 2.1972  lr 2.87e-04  ms/iter  1661.6  tok/s 19,721
iter    890  loss 2.2183  lr 2.86e-04  ms/iter  1663.6  tok/s 19,697
iter    895  loss 2.2193  lr 2.86e-04  ms/iter  1665.3  tok/s 19,677
iter    900  loss 2.1644  lr 2.86e-04  ms/iter  1661.3  tok/s 19,724
iter    905  loss 2.2135  lr 2.86e-04  ms/iter  1661.1  tok/s 19,727
iter    910  loss 2.1486  lr 2.86e-04  ms/iter  1661.4  tok/s 19,723
iter    915  loss 2.2582  lr 2.85e-04  ms/iter  1661.2  tok/s 19,726
iter    920  loss 2.1393  lr 2.85e-04  ms/iter  1740.3  tok/s 18,829
iter    925  loss 2.2229  lr 2.85e-04  ms/iter  1898.5  tok/s 17,260
iter    930  loss 2.2220  lr 2.85e-04  ms/iter  2048.7  tok/s 15,994
iter    935  loss 2.2433  lr 2.85e-04  ms/iter  1916.0  tok/s 17,102
iter    940  loss 2.2377  lr 2.84e-04  ms/iter  1962.0  tok/s 16,702
iter    945  loss 2.1081  lr 2.84e-04  ms/iter  1879.3  tok/s 17,436
iter    950  loss 2.1413  lr 2.84e-04  ms/iter  1861.2  tok/s 17,606
iter    955  loss 2.1706  lr 2.84e-04  ms/iter  1879.8  tok/s 17,431
iter    960  loss 2.1945  lr 2.84e-04  ms/iter  1867.2  tok/s 17,549
iter    965  loss 2.1316  lr 2.83e-04  ms/iter  1857.4  tok/s 17,642
iter    970  loss 2.1721  lr 2.83e-04  ms/iter  1876.7  tok/s 17,461
iter    975  loss 2.2134  lr 2.83e-04  ms/iter  1868.4  tok/s 17,538
iter    980  loss 2.1307  lr 2.83e-04  ms/iter  1854.5  tok/s 17,669
iter    985  loss 2.1047  lr 2.83e-04  ms/iter  1878.5  tok/s 17,444
iter    990  loss 2.2613  lr 2.82e-04  ms/iter  1869.8  tok/s 17,525
iter    995  loss 2.1303  lr 2.82e-04  ms/iter  1854.6  tok/s 17,669
[eval] iter   1000  train_loss 2.0776  val_loss 2.0808  lr 2.82e-04
  -> new best (val=2.0808); saved best.pt
iter   1000  loss 2.1843  lr 2.82e-04  ms/iter  6168.9  tok/s 5,312
iter   1005  loss 2.1541  lr 2.82e-04  ms/iter  2193.6  tok/s 14,938
iter   1010  loss 2.1931  lr 2.81e-04  ms/iter  1893.7  tok/s 17,304
iter   1015  loss 2.1379  lr 2.81e-04  ms/iter  1911.6  tok/s 17,141
iter   1020  loss 2.1385  lr 2.81e-04  ms/iter  1940.9  tok/s 16,883
iter   1025  loss 2.1047  lr 2.81e-04  ms/iter  1834.0  tok/s 17,867
iter   1030  loss 2.1270  lr 2.81e-04  ms/iter  1660.4  tok/s 19,735
iter   1035  loss 2.1231  lr 2.80e-04  ms/iter  1660.1  tok/s 19,738
iter   1040  loss 2.1392  lr 2.80e-04  ms/iter  1661.2  tok/s 19,725
iter   1045  loss 2.1586  lr 2.80e-04  ms/iter  1662.9  tok/s 19,705
iter   1050  loss 2.1339  lr 2.80e-04  ms/iter  1671.8  tok/s 19,600
iter   1055  loss 2.1690  lr 2.79e-04  ms/iter  1665.3  tok/s 19,677
iter   1060  loss 2.1134  lr 2.79e-04  ms/iter  1667.7  tok/s 19,649
iter   1065  loss 2.1279  lr 2.79e-04  ms/iter  1668.0  tok/s 19,645
iter   1070  loss 2.1140  lr 2.79e-04  ms/iter  1672.9  tok/s 19,587
iter   1075  loss 2.1639  lr 2.78e-04  ms/iter  1730.4  tok/s 18,937
iter   1080  loss 2.1139  lr 2.78e-04  ms/iter  1665.0  tok/s 19,681
iter   1085  loss 2.1129  lr 2.78e-04  ms/iter  1664.4  tok/s 19,687
iter   1090  loss 2.1079  lr 2.78e-04  ms/iter  1691.6  tok/s 19,371
iter   1095  loss 2.1171  lr 2.77e-04  ms/iter  1710.5  tok/s 19,157
iter   1100  loss 2.1140  lr 2.77e-04  ms/iter  1677.0  tok/s 19,540
iter   1105  loss 2.1155  lr 2.77e-04  ms/iter  1665.6  tok/s 19,673
iter   1110  loss 2.0991  lr 2.77e-04  ms/iter  1664.8  tok/s 19,683
iter   1115  loss 2.0937  lr 2.77e-04  ms/iter  1705.0  tok/s 19,219
iter   1120  loss 2.1151  lr 2.76e-04  ms/iter  1689.7  tok/s 19,393
iter   1125  loss 2.1274  lr 2.76e-04  ms/iter  1673.4  tok/s 19,582
iter   1130  loss 2.0751  lr 2.76e-04  ms/iter  1691.6  tok/s 19,371
iter   1135  loss 2.0960  lr 2.76e-04  ms/iter  1700.1  tok/s 19,274
iter   1140  loss 2.0757  lr 2.75e-04  ms/iter  1673.2  tok/s 19,584
iter   1145  loss 2.0880  lr 2.75e-04  ms/iter  1689.5  tok/s 19,395
iter   1150  loss 2.0805  lr 2.75e-04  ms/iter  1671.7  tok/s 19,602
iter   1155  loss 2.1513  lr 2.74e-04  ms/iter  1661.4  tok/s 19,723
iter   1160  loss 2.0521  lr 2.74e-04  ms/iter  1665.7  tok/s 19,673
iter   1165  loss 2.1078  lr 2.74e-04  ms/iter  1665.5  tok/s 19,675
iter   1170  loss 2.1211  lr 2.74e-04  ms/iter  1664.6  tok/s 19,685
iter   1175  loss 2.0903  lr 2.73e-04  ms/iter  1665.0  tok/s 19,681
iter   1180  loss 2.1388  lr 2.73e-04  ms/iter  1664.5  tok/s 19,687
iter   1185  loss 2.0013  lr 2.73e-04  ms/iter  1664.0  tok/s 19,692
iter   1190  loss 2.1257  lr 2.73e-04  ms/iter  1666.1  tok/s 19,668
iter   1195  loss 2.0716  lr 2.72e-04  ms/iter  1663.8  tok/s 19,695
iter   1200  loss 2.0305  lr 2.72e-04  ms/iter  1664.0  tok/s 19,692
iter   1205  loss 2.1044  lr 2.72e-04  ms/iter  1664.8  tok/s 19,683
iter   1210  loss 2.0918  lr 2.72e-04  ms/iter  1665.5  tok/s 19,675
iter   1215  loss 2.0640  lr 2.71e-04  ms/iter  1665.0  tok/s 19,681
iter   1220  loss 2.1054  lr 2.71e-04  ms/iter  1676.1  tok/s 19,551
iter   1225  loss 2.0281  lr 2.71e-04  ms/iter  1672.9  tok/s 19,588
iter   1230  loss 2.0578  lr 2.70e-04  ms/iter  1690.8  tok/s 19,380
iter   1235  loss 2.0254  lr 2.70e-04  ms/iter  1692.1  tok/s 19,365
iter   1240  loss 2.1077  lr 2.70e-04  ms/iter  1660.8  tok/s 19,730
iter   1245  loss 2.0955  lr 2.70e-04  ms/iter  1669.8  tok/s 19,624
[eval] iter   1250  train_loss 1.9946  val_loss 1.9850  lr 2.69e-04
  -> new best (val=1.9850); saved best.pt
iter   1250  loss 2.0666  lr 2.69e-04  ms/iter  5340.3  tok/s 6,136
iter   1255  loss 2.0561  lr 2.69e-04  ms/iter  1732.1  tok/s 18,918
iter   1260  loss 2.1020  lr 2.69e-04  ms/iter  1701.3  tok/s 19,260
iter   1265  loss 1.9855  lr 2.69e-04  ms/iter  1664.1  tok/s 19,691
iter   1270  loss 2.1014  lr 2.68e-04  ms/iter  1665.8  tok/s 19,671
iter   1275  loss 2.0873  lr 2.68e-04  ms/iter  1707.2  tok/s 19,194
iter   1280  loss 2.0395  lr 2.68e-04  ms/iter  1664.4  tok/s 19,688
iter   1285  loss 2.0492  lr 2.67e-04  ms/iter  1663.1  tok/s 19,703
iter   1290  loss 1.9872  lr 2.67e-04  ms/iter  1666.2  tok/s 19,666
iter   1295  loss 2.0544  lr 2.67e-04  ms/iter  1667.6  tok/s 19,650
iter   1300  loss 2.0661  lr 2.66e-04  ms/iter  1673.0  tok/s 19,586
iter   1305  loss 2.0646  lr 2.66e-04  ms/iter  1666.7  tok/s 19,661
iter   1310  loss 2.0386  lr 2.66e-04  ms/iter  1670.2  tok/s 19,620
iter   1315  loss 2.0922  lr 2.66e-04  ms/iter  1684.8  tok/s 19,450
iter   1320  loss 2.0253  lr 2.65e-04  ms/iter  1669.2  tok/s 19,632
iter   1325  loss 2.0305  lr 2.65e-04  ms/iter  1660.2  tok/s 19,737
iter   1330  loss 2.0851  lr 2.65e-04  ms/iter  1662.9  tok/s 19,706
iter   1335  loss 1.9916  lr 2.64e-04  ms/iter  1660.3  tok/s 19,736
iter   1340  loss 2.0207  lr 2.64e-04  ms/iter  1660.6  tok/s 19,732
iter   1345  loss 2.0126  lr 2.64e-04  ms/iter  1660.9  tok/s 19,730
iter   1350  loss 2.0237  lr 2.64e-04  ms/iter  1660.6  tok/s 19,733
iter   1355  loss 2.0439  lr 2.63e-04  ms/iter  1660.3  tok/s 19,736
iter   1360  loss 2.0581  lr 2.63e-04  ms/iter  1660.4  tok/s 19,736
iter   1365  loss 2.0693  lr 2.63e-04  ms/iter  1660.3  tok/s 19,736
iter   1370  loss 2.0603  lr 2.62e-04  ms/iter  1664.6  tok/s 19,685
iter   1375  loss 2.0487  lr 2.62e-04  ms/iter  1671.9  tok/s 19,599
iter   1380  loss 2.0568  lr 2.62e-04  ms/iter  1660.3  tok/s 19,736
iter   1385  loss 1.9946  lr 2.61e-04  ms/iter  1660.1  tok/s 19,739
iter   1390  loss 2.0106  lr 2.61e-04  ms/iter  1660.3  tok/s 19,736
iter   1395  loss 2.0565  lr 2.61e-04  ms/iter  1660.1  tok/s 19,738
iter   1400  loss 2.0103  lr 2.60e-04  ms/iter  1660.4  tok/s 19,735
iter   1405  loss 2.0398  lr 2.60e-04  ms/iter  1660.2  tok/s 19,737
iter   1410  loss 2.0161  lr 2.60e-04  ms/iter  1660.2  tok/s 19,738
iter   1415  loss 1.9833  lr 2.60e-04  ms/iter  1660.2  tok/s 19,737
iter   1420  loss 1.9638  lr 2.59e-04  ms/iter  1660.4  tok/s 19,735
iter   1425  loss 2.0175  lr 2.59e-04  ms/iter  1660.4  tok/s 19,735
iter   1430  loss 1.9396  lr 2.59e-04  ms/iter  1660.4  tok/s 19,735
iter   1435  loss 2.0114  lr 2.58e-04  ms/iter  1661.6  tok/s 19,720
iter   1440  loss 1.9767  lr 2.58e-04  ms/iter  1660.9  tok/s 19,729
iter   1445  loss 2.0011  lr 2.58e-04  ms/iter  1660.8  tok/s 19,731
iter   1450  loss 1.9960  lr 2.57e-04  ms/iter  1660.7  tok/s 19,731
iter   1455  loss 2.0317  lr 2.57e-04  ms/iter  1665.7  tok/s 19,673
iter   1460  loss 1.9692  lr 2.57e-04  ms/iter  1660.6  tok/s 19,733
iter   1465  loss 2.0060  lr 2.56e-04  ms/iter  1661.0  tok/s 19,728
iter   1470  loss 2.0267  lr 2.56e-04  ms/iter  1682.4  tok/s 19,477
iter   1475  loss 1.9800  lr 2.56e-04  ms/iter  1660.7  tok/s 19,732
iter   1480  loss 2.0156  lr 2.55e-04  ms/iter  1660.9  tok/s 19,729
iter   1485  loss 2.0135  lr 2.55e-04  ms/iter  1661.9  tok/s 19,717
iter   1490  loss 1.9929  lr 2.55e-04  ms/iter  1661.2  tok/s 19,726
iter   1495  loss 2.0635  lr 2.54e-04  ms/iter  1661.0  tok/s 19,727
[eval] iter   1500  train_loss 1.9301  val_loss 1.9188  lr 2.54e-04
  -> new best (val=1.9188); saved best.pt
iter   1500  loss 1.9648  lr 2.54e-04  ms/iter  5279.7  tok/s 6,206
iter   1505  loss 1.9804  lr 2.54e-04  ms/iter  1857.0  tok/s 17,645
iter   1510  loss 1.9770  lr 2.53e-04  ms/iter  1665.6  tok/s 19,673
iter   1515  loss 1.9831  lr 2.53e-04  ms/iter  1671.5  tok/s 19,603
iter   1520  loss 2.0098  lr 2.53e-04  ms/iter  1666.9  tok/s 19,658
iter   1525  loss 2.0446  lr 2.52e-04  ms/iter  1689.6  tok/s 19,394
iter   1530  loss 1.9839  lr 2.52e-04  ms/iter  1666.9  tok/s 19,658
iter   1535  loss 2.0189  lr 2.52e-04  ms/iter  1666.7  tok/s 19,660
iter   1540  loss 1.9927  lr 2.51e-04  ms/iter  1668.4  tok/s 19,640
iter   1545  loss 1.9582  lr 2.51e-04  ms/iter  1683.9  tok/s 19,460
iter   1550  loss 2.0712  lr 2.51e-04  ms/iter  1667.3  tok/s 19,653
iter   1555  loss 2.0071  lr 2.50e-04  ms/iter  1667.8  tok/s 19,648
iter   1560  loss 1.9758  lr 2.50e-04  ms/iter  1705.5  tok/s 19,213
iter   1565  loss 1.9595  lr 2.50e-04  ms/iter  1669.9  tok/s 19,622
iter   1570  loss 1.9775  lr 2.49e-04  ms/iter  1680.7  tok/s 19,497
iter   1575  loss 2.0227  lr 2.49e-04  ms/iter  1666.8  tok/s 19,659
iter   1580  loss 1.9590  lr 2.49e-04  ms/iter  1672.4  tok/s 19,593
iter   1585  loss 1.9903  lr 2.48e-04  ms/iter  1685.0  tok/s 19,447
iter   1590  loss 1.9690  lr 2.48e-04  ms/iter  1678.3  tok/s 19,525
iter   1595  loss 2.0217  lr 2.48e-04  ms/iter  1670.0  tok/s 19,622
iter   1600  loss 1.9282  lr 2.47e-04  ms/iter  1668.6  tok/s 19,638
iter   1605  loss 1.9739  lr 2.47e-04  ms/iter  1669.7  tok/s 19,626
iter   1610  loss 1.9775  lr 2.46e-04  ms/iter  1667.7  tok/s 19,648
iter   1615  loss 1.9824  lr 2.46e-04  ms/iter  1666.1  tok/s 19,667
iter   1620  loss 2.0370  lr 2.46e-04  ms/iter  1664.8  tok/s 19,683
iter   1625  loss 1.9859  lr 2.45e-04  ms/iter  1667.3  tok/s 19,653
iter   1630  loss 2.0281  lr 2.45e-04  ms/iter  1668.3  tok/s 19,642
iter   1635  loss 1.9069  lr 2.45e-04  ms/iter  1684.7  tok/s 19,450
iter   1640  loss 1.9131  lr 2.44e-04  ms/iter  1907.4  tok/s 17,180
iter   1645  loss 1.9715  lr 2.44e-04  ms/iter  1678.7  tok/s 19,520
iter   1650  loss 1.9257  lr 2.44e-04  ms/iter  1673.1  tok/s 19,585
iter   1655  loss 1.9573  lr 2.43e-04  ms/iter  1670.2  tok/s 19,620
iter   1660  loss 1.9503  lr 2.43e-04  ms/iter  1669.8  tok/s 19,624
iter   1665  loss 1.9884  lr 2.43e-04  ms/iter  1688.3  tok/s 19,409
iter   1670  loss 1.9605  lr 2.42e-04  ms/iter  1670.9  tok/s 19,611
iter   1675  loss 1.9386  lr 2.42e-04  ms/iter  1666.8  tok/s 19,660
iter   1680  loss 1.9707  lr 2.41e-04  ms/iter  1666.2  tok/s 19,666
iter   1685  loss 1.9524  lr 2.41e-04  ms/iter  1667.9  tok/s 19,646
iter   1690  loss 1.9721  lr 2.41e-04  ms/iter  1666.4  tok/s 19,664
iter   1695  loss 1.9246  lr 2.40e-04  ms/iter  1665.0  tok/s 19,681
iter   1700  loss 1.9204  lr 2.40e-04  ms/iter  1666.2  tok/s 19,666
iter   1705  loss 1.9787  lr 2.40e-04  ms/iter  1665.2  tok/s 19,678
iter   1710  loss 1.9650  lr 2.39e-04  ms/iter  1665.3  tok/s 19,677
iter   1715  loss 1.9265  lr 2.39e-04  ms/iter  1666.2  tok/s 19,666
iter   1720  loss 1.9512  lr 2.39e-04  ms/iter  1664.8  tok/s 19,683
iter   1725  loss 1.8686  lr 2.38e-04  ms/iter  1665.0  tok/s 19,680
iter   1730  loss 1.9109  lr 2.38e-04  ms/iter  1669.2  tok/s 19,631
iter   1735  loss 1.8968  lr 2.37e-04  ms/iter  1680.5  tok/s 19,499
iter   1740  loss 1.9106  lr 2.37e-04  ms/iter  1663.4  tok/s 19,699
iter   1745  loss 1.8823  lr 2.37e-04  ms/iter  1685.4  tok/s 19,442
[eval] iter   1750  train_loss 1.8802  val_loss 1.8691  lr 2.36e-04
  -> new best (val=1.8691); saved best.pt
iter   1750  loss 1.9353  lr 2.36e-04  ms/iter  5270.2  tok/s 6,218
iter   1755  loss 1.9089  lr 2.36e-04  ms/iter  1667.1  tok/s 19,656
iter   1760  loss 1.9302  lr 2.36e-04  ms/iter  1689.1  tok/s 19,399
iter   1765  loss 1.9197  lr 2.35e-04  ms/iter  1775.8  tok/s 18,452
iter   1770  loss 1.9283  lr 2.35e-04  ms/iter  1660.3  tok/s 19,737
iter   1775  loss 1.9094  lr 2.34e-04  ms/iter  1660.3  tok/s 19,736
iter   1780  loss 1.9096  lr 2.34e-04  ms/iter  1663.6  tok/s 19,697
iter   1785  loss 1.9467  lr 2.34e-04  ms/iter  1670.0  tok/s 19,622
iter   1790  loss 1.9956  lr 2.33e-04  ms/iter  1674.2  tok/s 19,573
iter   1795  loss 1.9498  lr 2.33e-04  ms/iter  1665.8  tok/s 19,671
iter   1800  loss 1.8727  lr 2.32e-04  ms/iter  1665.0  tok/s 19,680
iter   1805  loss 1.9788  lr 2.32e-04  ms/iter  1664.0  tok/s 19,693
iter   1810  loss 1.9072  lr 2.32e-04  ms/iter  1665.0  tok/s 19,680
iter   1815  loss 1.9026  lr 2.31e-04  ms/iter  1666.7  tok/s 19,661
iter   1820  loss 1.8653  lr 2.31e-04  ms/iter  1665.0  tok/s 19,680
iter   1825  loss 1.9507  lr 2.31e-04  ms/iter  1667.4  tok/s 19,652
iter   1830  loss 1.8940  lr 2.30e-04  ms/iter  1666.9  tok/s 19,658
iter   1835  loss 1.8804  lr 2.30e-04  ms/iter  1666.5  tok/s 19,663
iter   1840  loss 1.9487  lr 2.29e-04  ms/iter  1666.1  tok/s 19,668
iter   1845  loss 1.9229  lr 2.29e-04  ms/iter  1666.9  tok/s 19,658
iter   1850  loss 1.9469  lr 2.29e-04  ms/iter  1665.3  tok/s 19,676
iter   1855  loss 1.9549  lr 2.28e-04  ms/iter  1665.0  tok/s 19,681
iter   1860  loss 1.9396  lr 2.28e-04  ms/iter  1664.8  tok/s 19,683
iter   1865  loss 1.8934  lr 2.27e-04  ms/iter  1664.7  tok/s 19,685
iter   1870  loss 1.9045  lr 2.27e-04  ms/iter  1666.0  tok/s 19,669
iter   1875  loss 1.9460  lr 2.27e-04  ms/iter  1672.5  tok/s 19,592
iter   1880  loss 1.9225  lr 2.26e-04  ms/iter  1740.1  tok/s 18,831
iter   1885  loss 1.9415  lr 2.26e-04  ms/iter  1666.0  tok/s 19,669
iter   1890  loss 1.8769  lr 2.26e-04  ms/iter  1664.2  tok/s 19,690
iter   1895  loss 1.9210  lr 2.25e-04  ms/iter  1665.3  tok/s 19,677
iter   1900  loss 1.8597  lr 2.25e-04  ms/iter  1666.2  tok/s 19,667
iter   1905  loss 1.9564  lr 2.24e-04  ms/iter  1665.4  tok/s 19,676
iter   1910  loss 1.9116  lr 2.24e-04  ms/iter  1672.5  tok/s 19,592
iter   1915  loss 1.9094  lr 2.24e-04  ms/iter  1900.2  tok/s 17,245
iter   1920  loss 1.9057  lr 2.23e-04  ms/iter  1665.5  tok/s 19,675
iter   1925  loss 1.9122  lr 2.23e-04  ms/iter  1665.1  tok/s 19,679
iter   1930  loss 1.9901  lr 2.22e-04  ms/iter  1665.1  tok/s 19,680
iter   1935  loss 1.9351  lr 2.22e-04  ms/iter  1665.2  tok/s 19,678
iter   1940  loss 1.9410  lr 2.22e-04  ms/iter  1664.8  tok/s 19,683
iter   1945  loss 1.8605  lr 2.21e-04  ms/iter  1664.6  tok/s 19,685
iter   1950  loss 1.9616  lr 2.21e-04  ms/iter  1663.7  tok/s 19,696
iter   1955  loss 1.9184  lr 2.20e-04  ms/iter  1663.6  tok/s 19,697
iter   1960  loss 1.9071  lr 2.20e-04  ms/iter  1663.9  tok/s 19,693
iter   1965  loss 1.8810  lr 2.20e-04  ms/iter  1664.2  tok/s 19,689
iter   1970  loss 1.8809  lr 2.19e-04  ms/iter  1664.8  tok/s 19,683
iter   1975  loss 1.8933  lr 2.19e-04  ms/iter  1665.3  tok/s 19,677
iter   1980  loss 1.9482  lr 2.18e-04  ms/iter  1665.4  tok/s 19,676
iter   1985  loss 1.9292  lr 2.18e-04  ms/iter  1665.2  tok/s 19,678
iter   1990  loss 1.9139  lr 2.17e-04  ms/iter  1664.7  tok/s 19,684
iter   1995  loss 1.8874  lr 2.17e-04  ms/iter  1665.0  tok/s 19,680
[eval] iter   2000  train_loss 1.8336  val_loss 1.8621  lr 2.17e-04
  -> new best (val=1.8621); saved best.pt
iter   2000  loss 1.9055  lr 2.17e-04  ms/iter  5264.1  tok/s 6,225
iter   2005  loss 1.9189  lr 2.16e-04  ms/iter  1857.2  tok/s 17,644
iter   2010  loss 1.9347  lr 2.16e-04  ms/iter  1664.5  tok/s 19,686
iter   2015  loss 1.8615  lr 2.15e-04  ms/iter  1665.2  tok/s 19,678
iter   2020  loss 1.8860  lr 2.15e-04  ms/iter  1665.3  tok/s 19,677
iter   2025  loss 1.9097  lr 2.15e-04  ms/iter  1666.1  tok/s 19,667
iter   2030  loss 1.8933  lr 2.14e-04  ms/iter  1666.8  tok/s 19,659
iter   2035  loss 1.8869  lr 2.14e-04  ms/iter  1667.1  tok/s 19,656
iter   2040  loss 1.9245  lr 2.13e-04  ms/iter  1680.4  tok/s 19,501
iter   2045  loss 1.8967  lr 2.13e-04  ms/iter  1739.7  tok/s 18,835
iter   2050  loss 1.8266  lr 2.13e-04  ms/iter  1667.8  tok/s 19,647
iter   2055  loss 1.8382  lr 2.12e-04  ms/iter  1665.5  tok/s 19,674
iter   2060  loss 1.9038  lr 2.12e-04  ms/iter  1666.8  tok/s 19,659
iter   2065  loss 1.8272  lr 2.11e-04  ms/iter  1666.8  tok/s 19,660
iter   2070  loss 1.9236  lr 2.11e-04  ms/iter  1665.8  tok/s 19,671
iter   2075  loss 1.8522  lr 2.10e-04  ms/iter  1665.9  tok/s 19,669
iter   2080  loss 1.8179  lr 2.10e-04  ms/iter  1665.9  tok/s 19,670
iter   2085  loss 1.9396  lr 2.10e-04  ms/iter  1666.1  tok/s 19,668
iter   2090  loss 1.9041  lr 2.09e-04  ms/iter  1666.2  tok/s 19,666
iter   2095  loss 1.8319  lr 2.09e-04  ms/iter  1665.0  tok/s 19,681
iter   2100  loss 1.9034  lr 2.08e-04  ms/iter  1665.2  tok/s 19,679
iter   2105  loss 1.8736  lr 2.08e-04  ms/iter  1666.3  tok/s 19,665
iter   2110  loss 1.9089  lr 2.08e-04  ms/iter  1665.0  tok/s 19,681
iter   2115  loss 1.8819  lr 2.07e-04  ms/iter  1665.4  tok/s 19,676
iter   2120  loss 1.9043  lr 2.07e-04  ms/iter  1665.9  tok/s 19,669
iter   2125  loss 1.8900  lr 2.06e-04  ms/iter  1664.7  tok/s 19,684
iter   2130  loss 1.8252  lr 2.06e-04  ms/iter  1666.1  tok/s 19,668
iter   2135  loss 1.8100  lr 2.05e-04  ms/iter  1664.3  tok/s 19,688
iter   2140  loss 1.9314  lr 2.05e-04  ms/iter  1664.4  tok/s 19,688
iter   2145  loss 1.8592  lr 2.05e-04  ms/iter  1663.6  tok/s 19,697
iter   2150  loss 1.8526  lr 2.04e-04  ms/iter  1663.4  tok/s 19,699
iter   2155  loss 1.8776  lr 2.04e-04  ms/iter  1664.6  tok/s 19,685
iter   2160  loss 1.8555  lr 2.03e-04  ms/iter  1665.3  tok/s 19,677
iter   2165  loss 1.8548  lr 2.03e-04  ms/iter  1664.8  tok/s 19,683
iter   2170  loss 1.8997  lr 2.02e-04  ms/iter  1664.0  tok/s 19,692
iter   2175  loss 1.9044  lr 2.02e-04  ms/iter  1664.4  tok/s 19,687
iter   2180  loss 1.8930  lr 2.02e-04  ms/iter  1664.9  tok/s 19,681
iter   2185  loss 1.9023  lr 2.01e-04  ms/iter  1665.1  tok/s 19,679
iter   2190  loss 1.9156  lr 2.01e-04  ms/iter  1665.2  tok/s 19,678
iter   2195  loss 1.8581  lr 2.00e-04  ms/iter  1664.3  tok/s 19,689
iter   2200  loss 1.9492  lr 2.00e-04  ms/iter  1665.0  tok/s 19,680
iter   2205  loss 1.8920  lr 2.00e-04  ms/iter  1666.0  tok/s 19,669
iter   2210  loss 1.8955  lr 1.99e-04  ms/iter  1665.2  tok/s 19,678
iter   2215  loss 1.8195  lr 1.99e-04  ms/iter  1664.6  tok/s 19,685
iter   2220  loss 1.8700  lr 1.98e-04  ms/iter  1665.7  tok/s 19,672
iter   2225  loss 1.8921  lr 1.98e-04  ms/iter  1665.5  tok/s 19,674
iter   2230  loss 1.8843  lr 1.97e-04  ms/iter  1664.7  tok/s 19,684
iter   2235  loss 1.8746  lr 1.97e-04  ms/iter  1664.9  tok/s 19,682
iter   2240  loss 1.8492  lr 1.97e-04  ms/iter  1664.0  tok/s 19,693
iter   2245  loss 1.8316  lr 1.96e-04  ms/iter  1664.8  tok/s 19,683
[eval] iter   2250  train_loss 1.7946  val_loss 1.8071  lr 1.96e-04
  -> new best (val=1.8071); saved best.pt
iter   2250  loss 1.8908  lr 1.96e-04  ms/iter  5240.8  tok/s 6,252
iter   2255  loss 1.8539  lr 1.95e-04  ms/iter  1672.9  tok/s 19,588
iter   2260  loss 1.8912  lr 1.95e-04  ms/iter  1665.3  tok/s 19,677
iter   2265  loss 1.8569  lr 1.94e-04  ms/iter  1665.0  tok/s 19,680
iter   2270  loss 1.8756  lr 1.94e-04  ms/iter  1666.3  tok/s 19,665
iter   2275  loss 1.8626  lr 1.94e-04  ms/iter  1666.9  tok/s 19,658
iter   2280  loss 1.8501  lr 1.93e-04  ms/iter  1665.9  tok/s 19,670
iter   2285  loss 1.8602  lr 1.93e-04  ms/iter  1665.4  tok/s 19,675
iter   2290  loss 1.8311  lr 1.92e-04  ms/iter  1666.7  tok/s 19,660
iter   2295  loss 1.8435  lr 1.92e-04  ms/iter  1666.5  tok/s 19,663
iter   2300  loss 1.8813  lr 1.91e-04  ms/iter  1666.8  tok/s 19,660
iter   2305  loss 1.7932  lr 1.91e-04  ms/iter  1665.8  tok/s 19,671
iter   2310  loss 1.9302  lr 1.90e-04  ms/iter  1665.6  tok/s 19,673
iter   2315  loss 1.8314  lr 1.90e-04  ms/iter  1664.6  tok/s 19,685
iter   2320  loss 1.8307  lr 1.90e-04  ms/iter  1665.1  tok/s 19,680
iter   2325  loss 1.8859  lr 1.89e-04  ms/iter  1664.6  tok/s 19,685
iter   2330  loss 1.8605  lr 1.89e-04  ms/iter  1665.6  tok/s 19,673
iter   2335  loss 1.8513  lr 1.88e-04  ms/iter  1668.5  tok/s 19,639
iter   2340  loss 1.8224  lr 1.88e-04  ms/iter  1667.0  tok/s 19,657
iter   2345  loss 1.8288  lr 1.87e-04  ms/iter  1663.9  tok/s 19,693
iter   2350  loss 1.8429  lr 1.87e-04  ms/iter  1665.8  tok/s 19,671
iter   2355  loss 1.8066  lr 1.87e-04  ms/iter  1665.2  tok/s 19,678
iter   2360  loss 1.8642  lr 1.86e-04  ms/iter  1664.5  tok/s 19,686
iter   2365  loss 1.8161  lr 1.86e-04  ms/iter  1663.3  tok/s 19,700
iter   2370  loss 1.8403  lr 1.85e-04  ms/iter  1665.6  tok/s 19,674
iter   2375  loss 1.8313  lr 1.85e-04  ms/iter  1666.1  tok/s 19,667
iter   2380  loss 1.8099  lr 1.84e-04  ms/iter  1666.0  tok/s 19,669
iter   2385  loss 1.8614  lr 1.84e-04  ms/iter  1666.5  tok/s 19,663
iter   2390  loss 1.8208  lr 1.83e-04  ms/iter  1666.0  tok/s 19,669
iter   2395  loss 1.8468  lr 1.83e-04  ms/iter  1665.4  tok/s 19,675
iter   2400  loss 1.8547  lr 1.83e-04  ms/iter  1665.6  tok/s 19,673
iter   2405  loss 1.8696  lr 1.82e-04  ms/iter  1664.4  tok/s 19,687
iter   2410  loss 1.8629  lr 1.82e-04  ms/iter  1666.1  tok/s 19,667
iter   2415  loss 1.8401  lr 1.81e-04  ms/iter  1665.6  tok/s 19,674
iter   2420  loss 1.8330  lr 1.81e-04  ms/iter  1665.3  tok/s 19,677
iter   2425  loss 1.8655  lr 1.80e-04  ms/iter  1665.5  tok/s 19,674
iter   2430  loss 1.7903  lr 1.80e-04  ms/iter  1665.0  tok/s 19,680
iter   2435  loss 1.8318  lr 1.80e-04  ms/iter  1666.5  tok/s 19,663
iter   2440  loss 1.7761  lr 1.79e-04  ms/iter  1665.4  tok/s 19,675
iter   2445  loss 1.8204  lr 1.79e-04  ms/iter  1665.6  tok/s 19,674
iter   2450  loss 1.8500  lr 1.78e-04  ms/iter  1664.8  tok/s 19,683
iter   2455  loss 1.8158  lr 1.78e-04  ms/iter  1665.0  tok/s 19,680
iter   2460  loss 1.8829  lr 1.77e-04  ms/iter  1665.8  tok/s 19,671
iter   2465  loss 1.7697  lr 1.77e-04  ms/iter  1666.1  tok/s 19,668
iter   2470  loss 1.8874  lr 1.76e-04  ms/iter  1666.2  tok/s 19,667
iter   2475  loss 1.8466  lr 1.76e-04  ms/iter  1665.8  tok/s 19,671
iter   2480  loss 1.7956  lr 1.76e-04  ms/iter  1664.9  tok/s 19,681
iter   2485  loss 1.8392  lr 1.75e-04  ms/iter  1665.0  tok/s 19,681
iter   2490  loss 1.8553  lr 1.75e-04  ms/iter  1665.1  tok/s 19,679
iter   2495  loss 1.8846  lr 1.74e-04  ms/iter  1664.8  tok/s 19,683
[eval] iter   2500  train_loss 1.7747  val_loss 1.7750  lr 1.74e-04
  -> new best (val=1.7750); saved best.pt
iter   2500  loss 1.8493  lr 1.74e-04  ms/iter  5253.4  tok/s 6,238
iter   2505  loss 1.8448  lr 1.73e-04  ms/iter  1671.7  tok/s 19,602
iter   2510  loss 1.8184  lr 1.73e-04  ms/iter  1665.9  tok/s 19,669
iter   2515  loss 1.8870  lr 1.73e-04  ms/iter  1664.9  tok/s 19,681
iter   2520  loss 1.8546  lr 1.72e-04  ms/iter  1665.6  tok/s 19,673
iter   2525  loss 1.7974  lr 1.72e-04  ms/iter  1665.3  tok/s 19,677
iter   2530  loss 1.8769  lr 1.71e-04  ms/iter  1666.0  tok/s 19,669
iter   2535  loss 1.7982  lr 1.71e-04  ms/iter  1666.2  tok/s 19,666
iter   2540  loss 1.8496  lr 1.70e-04  ms/iter  1665.8  tok/s 19,671
iter   2545  loss 1.8650  lr 1.70e-04  ms/iter  1664.4  tok/s 19,688
iter   2550  loss 1.8738  lr 1.69e-04  ms/iter  1664.0  tok/s 19,692
iter   2555  loss 1.8554  lr 1.69e-04  ms/iter  1665.3  tok/s 19,677
iter   2560  loss 1.8506  lr 1.69e-04  ms/iter  1665.2  tok/s 19,678
iter   2565  loss 1.8966  lr 1.68e-04  ms/iter  1664.7  tok/s 19,684
iter   2570  loss 1.7791  lr 1.68e-04  ms/iter  1665.5  tok/s 19,674
iter   2575  loss 1.8239  lr 1.67e-04  ms/iter  1664.6  tok/s 19,686
iter   2580  loss 1.8592  lr 1.67e-04  ms/iter  1664.8  tok/s 19,683
iter   2585  loss 1.8981  lr 1.66e-04  ms/iter  1666.2  tok/s 19,666
iter   2590  loss 1.8046  lr 1.66e-04  ms/iter  1665.1  tok/s 19,679
iter   2595  loss 1.8140  lr 1.65e-04  ms/iter  1666.9  tok/s 19,658
iter   2600  loss 1.8078  lr 1.65e-04  ms/iter  1666.3  tok/s 19,666
iter   2605  loss 1.8207  lr 1.65e-04  ms/iter  1664.6  tok/s 19,685
iter   2610  loss 1.8103  lr 1.64e-04  ms/iter  1664.7  tok/s 19,685
iter   2615  loss 1.8174  lr 1.64e-04  ms/iter  1665.6  tok/s 19,674
iter   2620  loss 1.8180  lr 1.63e-04  ms/iter  1665.8  tok/s 19,670
iter   2625  loss 1.8174  lr 1.63e-04  ms/iter  1666.2  tok/s 19,667
iter   2630  loss 1.8732  lr 1.62e-04  ms/iter  1666.3  tok/s 19,665
iter   2635  loss 1.8221  lr 1.62e-04  ms/iter  1666.4  tok/s 19,664
iter   2640  loss 1.8396  lr 1.61e-04  ms/iter  1666.7  tok/s 19,660
iter   2645  loss 1.8794  lr 1.61e-04  ms/iter  1666.2  tok/s 19,666
iter   2650  loss 1.8408  lr 1.61e-04  ms/iter  1666.0  tok/s 19,668
iter   2655  loss 1.7948  lr 1.60e-04  ms/iter  1665.8  tok/s 19,671
iter   2660  loss 1.8015  lr 1.60e-04  ms/iter  1667.1  tok/s 19,656
iter   2665  loss 1.8187  lr 1.59e-04  ms/iter  1667.4  tok/s 19,652
iter   2670  loss 1.8827  lr 1.59e-04  ms/iter  1667.3  tok/s 19,654
iter   2675  loss 1.8435  lr 1.58e-04  ms/iter  1669.8  tok/s 19,624
iter   2680  loss 1.8290  lr 1.58e-04  ms/iter  1670.2  tok/s 19,619
iter   2685  loss 1.8843  lr 1.57e-04  ms/iter  1669.2  tok/s 19,631
iter   2690  loss 1.7706  lr 1.57e-04  ms/iter  1669.1  tok/s 19,632
iter   2695  loss 1.8135  lr 1.57e-04  ms/iter  1669.4  tok/s 19,628
iter   2700  loss 1.7827  lr 1.56e-04  ms/iter  1669.6  tok/s 19,626
iter   2705  loss 1.8830  lr 1.56e-04  ms/iter  1668.6  tok/s 19,638
iter   2710  loss 1.7433  lr 1.55e-04  ms/iter  1669.5  tok/s 19,627
iter   2715  loss 1.8508  lr 1.55e-04  ms/iter  1668.6  tok/s 19,639
iter   2720  loss 1.8254  lr 1.54e-04  ms/iter  1669.3  tok/s 19,630
iter   2725  loss 1.8518  lr 1.54e-04  ms/iter  1669.3  tok/s 19,630
iter   2730  loss 1.8513  lr 1.54e-04  ms/iter  1672.1  tok/s 19,597
iter   2735  loss 1.8973  lr 1.53e-04  ms/iter  1670.7  tok/s 19,613
iter   2740  loss 1.7844  lr 1.53e-04  ms/iter  1667.3  tok/s 19,653
iter   2745  loss 1.8215  lr 1.52e-04  ms/iter  1754.4  tok/s 18,678
[eval] iter   2750  train_loss 1.7678  val_loss 1.7351  lr 1.52e-04
  -> new best (val=1.7351); saved best.pt
iter   2750  loss 1.8486  lr 1.52e-04  ms/iter  5386.5  tok/s 6,083
iter   2755  loss 1.8305  lr 1.51e-04  ms/iter  1749.6  tok/s 18,729
iter   2760  loss 1.8836  lr 1.51e-04  ms/iter  1754.5  tok/s 18,676
iter   2765  loss 1.7658  lr 1.50e-04  ms/iter  1667.2  tok/s 19,654
iter   2770  loss 1.8723  lr 1.50e-04  ms/iter  1665.7  tok/s 19,673
iter   2775  loss 1.8019  lr 1.50e-04  ms/iter  1665.7  tok/s 19,672
iter   2780  loss 1.6959  lr 1.49e-04  ms/iter  1666.7  tok/s 19,661
iter   2785  loss 1.7775  lr 1.49e-04  ms/iter  1666.4  tok/s 19,664
iter   2790  loss 1.7704  lr 1.48e-04  ms/iter  1667.2  tok/s 19,655
iter   2795  loss 1.8369  lr 1.48e-04  ms/iter  1666.5  tok/s 19,663
iter   2800  loss 1.7310  lr 1.47e-04  ms/iter  1666.5  tok/s 19,663
iter   2805  loss 1.7769  lr 1.47e-04  ms/iter  1666.3  tok/s 19,665
iter   2810  loss 1.8058  lr 1.47e-04  ms/iter  1665.0  tok/s 19,680
iter   2815  loss 1.8443  lr 1.46e-04  ms/iter  1666.2  tok/s 19,666
iter   2820  loss 1.7795  lr 1.46e-04  ms/iter  1660.4  tok/s 19,734
iter   2825  loss 1.8071  lr 1.45e-04  ms/iter  1660.2  tok/s 19,737
iter   2830  loss 1.8036  lr 1.45e-04  ms/iter  1660.3  tok/s 19,736
iter   2835  loss 1.7626  lr 1.44e-04  ms/iter  1660.7  tok/s 19,732
iter   2840  loss 1.7919  lr 1.44e-04  ms/iter  1660.4  tok/s 19,735
iter   2845  loss 1.8253  lr 1.43e-04  ms/iter  1684.1  tok/s 19,457
iter   2850  loss 1.7442  lr 1.43e-04  ms/iter  1660.6  tok/s 19,732
iter   2855  loss 1.7870  lr 1.43e-04  ms/iter  1661.9  tok/s 19,718
iter   2860  loss 1.7490  lr 1.42e-04  ms/iter  1661.0  tok/s 19,728
iter   2865  loss 1.8148  lr 1.42e-04  ms/iter  1701.0  tok/s 19,264
iter   2870  loss 1.8269  lr 1.41e-04  ms/iter  1661.5  tok/s 19,722
iter   2875  loss 1.7297  lr 1.41e-04  ms/iter  1661.0  tok/s 19,728
iter   2880  loss 1.8252  lr 1.40e-04  ms/iter  1661.2  tok/s 19,726
iter   2885  loss 1.8242  lr 1.40e-04  ms/iter  1661.4  tok/s 19,723
iter   2890  loss 1.8241  lr 1.40e-04  ms/iter  1661.1  tok/s 19,727
iter   2895  loss 1.8207  lr 1.39e-04  ms/iter  1661.4  tok/s 19,723
iter   2900  loss 1.7758  lr 1.39e-04  ms/iter  1665.9  tok/s 19,670
iter   2905  loss 1.7383  lr 1.38e-04  ms/iter  1661.4  tok/s 19,723
iter   2910  loss 1.8103  lr 1.38e-04  ms/iter  1669.3  tok/s 19,630
iter   2915  loss 1.7790  lr 1.37e-04  ms/iter  1661.4  tok/s 19,723
iter   2920  loss 1.7993  lr 1.37e-04  ms/iter  1661.2  tok/s 19,725
iter   2925  loss 1.7868  lr 1.36e-04  ms/iter  1661.2  tok/s 19,725
iter   2930  loss 1.8255  lr 1.36e-04  ms/iter  1661.3  tok/s 19,724
iter   2935  loss 1.8261  lr 1.36e-04  ms/iter  1661.3  tok/s 19,725
iter   2940  loss 1.7453  lr 1.35e-04  ms/iter  1661.2  tok/s 19,725
iter   2945  loss 1.8421  lr 1.35e-04  ms/iter  1671.5  tok/s 19,604
iter   2950  loss 1.8787  lr 1.34e-04  ms/iter  1661.4  tok/s 19,723
iter   2955  loss 1.7898  lr 1.34e-04  ms/iter  1661.2  tok/s 19,725
iter   2960  loss 1.7750  lr 1.33e-04  ms/iter  1661.5  tok/s 19,722
iter   2965  loss 1.8326  lr 1.33e-04  ms/iter  1661.2  tok/s 19,726
iter   2970  loss 1.8183  lr 1.33e-04  ms/iter  1684.9  tok/s 19,448
iter   2975  loss 1.8245  lr 1.32e-04  ms/iter  1661.3  tok/s 19,724
iter   2980  loss 1.7704  lr 1.32e-04  ms/iter  1661.6  tok/s 19,720
iter   2985  loss 1.7908  lr 1.31e-04  ms/iter  1668.0  tok/s 19,645
iter   2990  loss 1.7579  lr 1.31e-04  ms/iter  1661.6  tok/s 19,720
iter   2995  loss 1.7557  lr 1.30e-04  ms/iter  1661.6  tok/s 19,721
[eval] iter   3000  train_loss 1.7094  val_loss 1.7493  lr 1.30e-04
iter   3000  loss 1.7689  lr 1.30e-04  ms/iter  5045.7  tok/s 6,494
iter   3005  loss 1.8020  lr 1.30e-04  ms/iter  1892.4  tok/s 17,315
iter   3010  loss 1.8485  lr 1.29e-04  ms/iter  1661.0  tok/s 19,727
iter   3015  loss 1.7631  lr 1.29e-04  ms/iter  1660.7  tok/s 19,731
iter   3020  loss 1.7944  lr 1.28e-04  ms/iter  1660.3  tok/s 19,736
iter   3025  loss 1.7742  lr 1.28e-04  ms/iter  1660.3  tok/s 19,736
iter   3030  loss 1.7718  lr 1.28e-04  ms/iter  1660.4  tok/s 19,734
iter   3035  loss 1.8275  lr 1.27e-04  ms/iter  1660.5  tok/s 19,734
iter   3040  loss 1.7347  lr 1.27e-04  ms/iter  1662.3  tok/s 19,712
iter   3045  loss 1.8133  lr 1.26e-04  ms/iter  1660.3  tok/s 19,737
iter   3050  loss 1.7870  lr 1.26e-04  ms/iter  1660.3  tok/s 19,737
iter   3055  loss 1.7621  lr 1.25e-04  ms/iter  1660.5  tok/s 19,734
iter   3060  loss 1.7910  lr 1.25e-04  ms/iter  1660.3  tok/s 19,736
iter   3065  loss 1.8271  lr 1.25e-04  ms/iter  1667.0  tok/s 19,657
iter   3070  loss 1.7394  lr 1.24e-04  ms/iter  1660.8  tok/s 19,730
iter   3075  loss 1.8310  lr 1.24e-04  ms/iter  1660.7  tok/s 19,731
iter   3080  loss 1.7039  lr 1.23e-04  ms/iter  1660.8  tok/s 19,730
iter   3085  loss 1.8407  lr 1.23e-04  ms/iter  1661.2  tok/s 19,726
iter   3090  loss 1.8059  lr 1.22e-04  ms/iter  1661.5  tok/s 19,722
iter   3095  loss 1.8390  lr 1.22e-04  ms/iter  1661.1  tok/s 19,726
iter   3100  loss 1.7687  lr 1.22e-04  ms/iter  1661.1  tok/s 19,726
iter   3105  loss 1.7788  lr 1.21e-04  ms/iter  1661.2  tok/s 19,726
iter   3110  loss 1.7606  lr 1.21e-04  ms/iter  1661.4  tok/s 19,724
iter   3115  loss 1.8122  lr 1.20e-04  ms/iter  1661.0  tok/s 19,728
iter   3120  loss 1.8059  lr 1.20e-04  ms/iter  1661.4  tok/s 19,723
iter   3125  loss 1.7236  lr 1.20e-04  ms/iter  1661.1  tok/s 19,726
iter   3130  loss 1.7785  lr 1.19e-04  ms/iter  1661.1  tok/s 19,726
iter   3135  loss 1.7683  lr 1.19e-04  ms/iter  1661.6  tok/s 19,721
iter   3140  loss 1.7906  lr 1.18e-04  ms/iter  1661.2  tok/s 19,725
iter   3145  loss 1.8138  lr 1.18e-04  ms/iter  1661.3  tok/s 19,725
iter   3150  loss 1.7758  lr 1.17e-04  ms/iter  1661.5  tok/s 19,722
iter   3155  loss 1.7629  lr 1.17e-04  ms/iter  1661.0  tok/s 19,728
iter   3160  loss 1.8076  lr 1.17e-04  ms/iter  1661.4  tok/s 19,724
iter   3165  loss 1.7641  lr 1.16e-04  ms/iter  1661.1  tok/s 19,726
iter   3170  loss 1.7985  lr 1.16e-04  ms/iter  1661.2  tok/s 19,725
iter   3175  loss 1.7998  lr 1.15e-04  ms/iter  1661.0  tok/s 19,727
iter   3180  loss 1.7367  lr 1.15e-04  ms/iter  1661.2  tok/s 19,726
iter   3185  loss 1.7940  lr 1.15e-04  ms/iter  1660.9  tok/s 19,729
iter   3190  loss 1.7649  lr 1.14e-04  ms/iter  1661.1  tok/s 19,726
iter   3195  loss 1.7843  lr 1.14e-04  ms/iter  1661.4  tok/s 19,724
iter   3200  loss 1.7712  lr 1.13e-04  ms/iter  1661.1  tok/s 19,727
iter   3205  loss 1.7906  lr 1.13e-04  ms/iter  1662.0  tok/s 19,716
iter   3210  loss 1.7699  lr 1.13e-04  ms/iter  1660.5  tok/s 19,734
iter   3215  loss 1.8072  lr 1.12e-04  ms/iter  1660.4  tok/s 19,734
iter   3220  loss 1.7426  lr 1.12e-04  ms/iter  1660.2  tok/s 19,737
iter   3225  loss 1.7551  lr 1.11e-04  ms/iter  1660.3  tok/s 19,736
iter   3230  loss 1.7637  lr 1.11e-04  ms/iter  1660.3  tok/s 19,736
iter   3235  loss 1.7191  lr 1.10e-04  ms/iter  1660.3  tok/s 19,736
iter   3240  loss 1.8329  lr 1.10e-04  ms/iter  1660.3  tok/s 19,736
iter   3245  loss 1.7912  lr 1.10e-04  ms/iter  1661.4  tok/s 19,723
[eval] iter   3250  train_loss 1.6973  val_loss 1.7178  lr 1.09e-04
  -> new best (val=1.7178); saved best.pt
iter   3250  loss 1.7677  lr 1.09e-04  ms/iter  5289.7  tok/s 6,195
iter   3255  loss 1.7726  lr 1.09e-04  ms/iter  1676.5  tok/s 19,545
iter   3260  loss 1.7956  lr 1.08e-04  ms/iter  1660.5  tok/s 19,734
iter   3265  loss 1.7873  lr 1.08e-04  ms/iter  1660.8  tok/s 19,731
iter   3270  loss 1.8717  lr 1.08e-04  ms/iter  1660.7  tok/s 19,731
iter   3275  loss 1.7879  lr 1.07e-04  ms/iter  1660.9  tok/s 19,729
iter   3280  loss 1.7670  lr 1.07e-04  ms/iter  1671.4  tok/s 19,605
iter   3285  loss 1.7100  lr 1.06e-04  ms/iter  1661.4  tok/s 19,723
iter   3290  loss 1.7566  lr 1.06e-04  ms/iter  1663.5  tok/s 19,698
iter   3295  loss 1.7690  lr 1.06e-04  ms/iter  1672.7  tok/s 19,590
iter   3300  loss 1.7196  lr 1.05e-04  ms/iter  1661.3  tok/s 19,724
iter   3305  loss 1.8155  lr 1.05e-04  ms/iter  1660.9  tok/s 19,729
iter   3310  loss 1.7158  lr 1.04e-04  ms/iter  1661.1  tok/s 19,726
iter   3315  loss 1.7580  lr 1.04e-04  ms/iter  1661.2  tok/s 19,726
iter   3320  loss 1.7920  lr 1.04e-04  ms/iter  1661.3  tok/s 19,724
iter   3325  loss 1.7520  lr 1.03e-04  ms/iter  1661.1  tok/s 19,727
iter   3330  loss 1.7520  lr 1.03e-04  ms/iter  1661.0  tok/s 19,728
iter   3335  loss 1.7427  lr 1.03e-04  ms/iter  1660.8  tok/s 19,730
iter   3340  loss 1.7977  lr 1.02e-04  ms/iter  1700.1  tok/s 19,274
iter   3345  loss 1.7366  lr 1.02e-04  ms/iter  1660.4  tok/s 19,736
iter   3350  loss 1.7832  lr 1.01e-04  ms/iter  1660.5  tok/s 19,733
iter   3355  loss 1.8094  lr 1.01e-04  ms/iter  1666.8  tok/s 19,659
iter   3360  loss 1.7548  lr 1.01e-04  ms/iter  1660.3  tok/s 19,736
iter   3365  loss 1.7726  lr 1.00e-04  ms/iter  1660.9  tok/s 19,730
iter   3370  loss 1.7717  lr 9.98e-05  ms/iter  1660.5  tok/s 19,734
iter   3375  loss 1.8020  lr 9.94e-05  ms/iter  1661.2  tok/s 19,725
iter   3380  loss 1.7388  lr 9.90e-05  ms/iter  1664.8  tok/s 19,683
iter   3385  loss 1.8310  lr 9.87e-05  ms/iter  1660.6  tok/s 19,732
iter   3390  loss 1.7406  lr 9.83e-05  ms/iter  1660.4  tok/s 19,735
iter   3395  loss 1.7810  lr 9.79e-05  ms/iter  1660.8  tok/s 19,730
iter   3400  loss 1.7825  lr 9.75e-05  ms/iter  1660.7  tok/s 19,731
iter   3405  loss 1.7873  lr 9.71e-05  ms/iter  1660.5  tok/s 19,734
iter   3410  loss 1.7809  lr 9.67e-05  ms/iter  1660.5  tok/s 19,734
iter   3415  loss 1.6848  lr 9.64e-05  ms/iter  1660.4  tok/s 19,735
iter   3420  loss 1.7939  lr 9.60e-05  ms/iter  1660.3  tok/s 19,736
iter   3425  loss 1.7597  lr 9.56e-05  ms/iter  1660.2  tok/s 19,738
iter   3430  loss 1.7943  lr 9.52e-05  ms/iter  1660.2  tok/s 19,738
iter   3435  loss 1.7747  lr 9.48e-05  ms/iter  1660.3  tok/s 19,737
iter   3440  loss 1.7830  lr 9.45e-05  ms/iter  1660.4  tok/s 19,735
iter   3445  loss 1.7731  lr 9.41e-05  ms/iter  1660.5  tok/s 19,734
iter   3450  loss 1.8013  lr 9.37e-05  ms/iter  1660.5  tok/s 19,734
iter   3455  loss 1.7053  lr 9.33e-05  ms/iter  1660.6  tok/s 19,733
iter   3460  loss 1.7631  lr 9.30e-05  ms/iter  1660.9  tok/s 19,729
iter   3465  loss 1.7495  lr 9.26e-05  ms/iter  1661.1  tok/s 19,726
iter   3470  loss 1.7786  lr 9.22e-05  ms/iter  1661.4  tok/s 19,723
iter   3475  loss 1.7715  lr 9.18e-05  ms/iter  1660.9  tok/s 19,729
iter   3480  loss 1.7141  lr 9.15e-05  ms/iter  1661.2  tok/s 19,726
iter   3485  loss 1.7660  lr 9.11e-05  ms/iter  1661.1  tok/s 19,727
iter   3490  loss 1.6659  lr 9.07e-05  ms/iter  1661.4  tok/s 19,723
iter   3495  loss 1.8137  lr 9.04e-05  ms/iter  1661.3  tok/s 19,725
[eval] iter   3500  train_loss 1.6968  val_loss 1.6848  lr 9.00e-05
  -> new best (val=1.6848); saved best.pt
iter   3500  loss 1.7205  lr 9.00e-05  ms/iter  5249.7  tok/s 6,242
iter   3505  loss 1.7589  lr 8.96e-05  ms/iter  1666.4  tok/s 19,664
iter   3510  loss 1.7116  lr 8.93e-05  ms/iter  1661.1  tok/s 19,727
iter   3515  loss 1.7151  lr 8.89e-05  ms/iter  1661.6  tok/s 19,721
iter   3520  loss 1.7875  lr 8.85e-05  ms/iter  1661.6  tok/s 19,721
iter   3525  loss 1.7426  lr 8.82e-05  ms/iter  1661.7  tok/s 19,719
iter   3530  loss 1.6850  lr 8.78e-05  ms/iter  1667.8  tok/s 19,647
iter   3535  loss 1.7375  lr 8.74e-05  ms/iter  1661.8  tok/s 19,718
iter   3540  loss 1.7514  lr 8.71e-05  ms/iter  1671.8  tok/s 19,601
iter   3545  loss 1.6910  lr 8.67e-05  ms/iter  1663.0  tok/s 19,704
iter   3550  loss 1.7198  lr 8.64e-05  ms/iter  1661.8  tok/s 19,718
iter   3555  loss 1.7408  lr 8.60e-05  ms/iter  1681.6  tok/s 19,487
iter   3560  loss 1.7727  lr 8.56e-05  ms/iter  1661.8  tok/s 19,719
iter   3565  loss 1.7889  lr 8.53e-05  ms/iter  1661.9  tok/s 19,717
iter   3570  loss 1.7736  lr 8.49e-05  ms/iter  1661.9  tok/s 19,717
iter   3575  loss 1.7783  lr 8.46e-05  ms/iter  1661.8  tok/s 19,718
iter   3580  loss 1.6985  lr 8.42e-05  ms/iter  1664.3  tok/s 19,689
iter   3585  loss 1.7633  lr 8.39e-05  ms/iter  1679.3  tok/s 19,513
iter   3590  loss 1.7346  lr 8.35e-05  ms/iter  1661.8  tok/s 19,719
iter   3595  loss 1.7246  lr 8.32e-05  ms/iter  1662.1  tok/s 19,714
iter   3600  loss 1.7946  lr 8.28e-05  ms/iter  1661.9  tok/s 19,717
iter   3605  loss 1.7258  lr 8.25e-05  ms/iter  1661.6  tok/s 19,720
iter   3610  loss 1.8055  lr 8.21e-05  ms/iter  1660.9  tok/s 19,729
iter   3615  loss 1.7466  lr 8.18e-05  ms/iter  1660.8  tok/s 19,731
iter   3620  loss 1.7618  lr 8.14e-05  ms/iter  1660.5  tok/s 19,734
iter   3625  loss 1.7581  lr 8.11e-05  ms/iter  1660.4  tok/s 19,735
iter   3630  loss 1.8451  lr 8.07e-05  ms/iter  1660.4  tok/s 19,735
iter   3635  loss 1.7558  lr 8.04e-05  ms/iter  1660.4  tok/s 19,735
iter   3640  loss 1.7909  lr 8.00e-05  ms/iter  1660.3  tok/s 19,736
iter   3645  loss 1.7511  lr 7.97e-05  ms/iter  1660.2  tok/s 19,738
iter   3650  loss 1.7175  lr 7.94e-05  ms/iter  1660.2  tok/s 19,738
iter   3655  loss 1.7615  lr 7.90e-05  ms/iter  1660.3  tok/s 19,736
iter   3660  loss 1.7706  lr 7.87e-05  ms/iter  1660.3  tok/s 19,736
iter   3665  loss 1.8160  lr 7.83e-05  ms/iter  1660.3  tok/s 19,736
iter   3670  loss 1.7114  lr 7.80e-05  ms/iter  1660.2  tok/s 19,737
iter   3675  loss 1.7287  lr 7.77e-05  ms/iter  1660.5  tok/s 19,734
iter   3680  loss 1.7116  lr 7.73e-05  ms/iter  1660.2  tok/s 19,738
iter   3685  loss 1.7745  lr 7.70e-05  ms/iter  1660.4  tok/s 19,735
iter   3690  loss 1.7801  lr 7.67e-05  ms/iter  1660.5  tok/s 19,734
iter   3695  loss 1.7403  lr 7.63e-05  ms/iter  1660.2  tok/s 19,737
iter   3700  loss 1.7984  lr 7.60e-05  ms/iter  1663.5  tok/s 19,699
iter   3705  loss 1.7842  lr 7.57e-05  ms/iter  1660.4  tok/s 19,735
iter   3710  loss 1.7098  lr 7.53e-05  ms/iter  1660.2  tok/s 19,737
iter   3715  loss 1.7273  lr 7.50e-05  ms/iter  1660.3  tok/s 19,737
iter   3720  loss 1.7133  lr 7.47e-05  ms/iter  1660.2  tok/s 19,737
iter   3725  loss 1.7295  lr 7.43e-05  ms/iter  1660.2  tok/s 19,738
iter   3730  loss 1.7461  lr 7.40e-05  ms/iter  1660.4  tok/s 19,736
iter   3735  loss 1.7527  lr 7.37e-05  ms/iter  1660.4  tok/s 19,735
iter   3740  loss 1.7510  lr 7.34e-05  ms/iter  1683.8  tok/s 19,461
iter   3745  loss 1.6814  lr 7.30e-05  ms/iter  1660.3  tok/s 19,736
[eval] iter   3750  train_loss 1.6756  val_loss 1.6833  lr 7.27e-05
  -> new best (val=1.6833); saved best.pt
iter   3750  loss 1.7396  lr 7.27e-05  ms/iter  5294.4  tok/s 6,189
iter   3755  loss 1.7531  lr 7.24e-05  ms/iter  1665.5  tok/s 19,675
iter   3760  loss 1.7957  lr 7.21e-05  ms/iter  1660.7  tok/s 19,732
iter   3765  loss 1.8141  lr 7.18e-05  ms/iter  1660.7  tok/s 19,732
iter   3770  loss 1.7599  lr 7.14e-05  ms/iter  1671.9  tok/s 19,599
iter   3775  loss 1.7278  lr 7.11e-05  ms/iter  1660.4  tok/s 19,735
iter   3780  loss 1.7089  lr 7.08e-05  ms/iter  1660.6  tok/s 19,733
iter   3785  loss 1.7307  lr 7.05e-05  ms/iter  1670.0  tok/s 19,621
iter   3790  loss 1.7661  lr 7.02e-05  ms/iter  1660.2  tok/s 19,737
iter   3795  loss 1.7598  lr 6.99e-05  ms/iter  1660.3  tok/s 19,736
iter   3800  loss 1.7472  lr 6.95e-05  ms/iter  1660.3  tok/s 19,737
iter   3805  loss 1.7754  lr 6.92e-05  ms/iter  1660.3  tok/s 19,736
iter   3810  loss 1.7348  lr 6.89e-05  ms/iter  1660.3  tok/s 19,736
iter   3815  loss 1.7375  lr 6.86e-05  ms/iter  1660.3  tok/s 19,736
iter   3820  loss 1.7848  lr 6.83e-05  ms/iter  1663.4  tok/s 19,699
iter   3825  loss 1.7271  lr 6.80e-05  ms/iter  1660.5  tok/s 19,733
iter   3830  loss 1.6786  lr 6.77e-05  ms/iter  1660.3  tok/s 19,736
iter   3835  loss 1.7376  lr 6.74e-05  ms/iter  1660.4  tok/s 19,734
iter   3840  loss 1.7196  lr 6.71e-05  ms/iter  1660.3  tok/s 19,736
iter   3845  loss 1.7417  lr 6.68e-05  ms/iter  1660.3  tok/s 19,736
iter   3850  loss 1.7750  lr 6.65e-05  ms/iter  1677.1  tok/s 19,538
iter   3855  loss 1.7783  lr 6.62e-05  ms/iter  1660.8  tok/s 19,730
iter   3860  loss 1.7713  lr 6.59e-05  ms/iter  1661.2  tok/s 19,726
iter   3865  loss 1.7405  lr 6.56e-05  ms/iter  1661.6  tok/s 19,721
iter   3870  loss 1.7734  lr 6.53e-05  ms/iter  1661.9  tok/s 19,718
iter   3875  loss 1.7916  lr 6.50e-05  ms/iter  1661.8  tok/s 19,719
iter   3880  loss 1.7606  lr 6.47e-05  ms/iter  1661.5  tok/s 19,722
iter   3885  loss 1.6854  lr 6.44e-05  ms/iter  1661.8  tok/s 19,718
iter   3890  loss 1.7493  lr 6.41e-05  ms/iter  1661.7  tok/s 19,720
iter   3895  loss 1.6829  lr 6.38e-05  ms/iter  1662.8  tok/s 19,706
iter   3900  loss 1.7208  lr 6.35e-05  ms/iter  1661.7  tok/s 19,719
iter   3905  loss 1.7052  lr 6.32e-05  ms/iter  1661.8  tok/s 19,718
iter   3910  loss 1.7754  lr 6.29e-05  ms/iter  1662.1  tok/s 19,715
iter   3915  loss 1.7511  lr 6.26e-05  ms/iter  1661.6  tok/s 19,721
iter   3920  loss 1.7309  lr 6.23e-05  ms/iter  1661.8  tok/s 19,718
iter   3925  loss 1.7243  lr 6.21e-05  ms/iter  1661.3  tok/s 19,724
iter   3930  loss 1.7174  lr 6.18e-05  ms/iter  1660.8  tok/s 19,730
iter   3935  loss 1.7724  lr 6.15e-05  ms/iter  1660.7  tok/s 19,731
iter   3940  loss 1.7414  lr 6.12e-05  ms/iter  1660.8  tok/s 19,731
iter   3945  loss 1.7364  lr 6.09e-05  ms/iter  1660.7  tok/s 19,732
iter   3950  loss 1.7517  lr 6.06e-05  ms/iter  1660.4  tok/s 19,735
iter   3955  loss 1.7711  lr 6.04e-05  ms/iter  1660.5  tok/s 19,734
iter   3960  loss 1.7797  lr 6.01e-05  ms/iter  1662.5  tok/s 19,710
iter   3965  loss 1.7343  lr 5.98e-05  ms/iter  1660.5  tok/s 19,734
iter   3970  loss 1.6934  lr 5.95e-05  ms/iter  1660.9  tok/s 19,730
iter   3975  loss 1.7027  lr 5.93e-05  ms/iter  1660.2  tok/s 19,737
iter   3980  loss 1.6857  lr 5.90e-05  ms/iter  1660.2  tok/s 19,737
iter   3985  loss 1.7507  lr 5.87e-05  ms/iter  1660.3  tok/s 19,736
iter   3990  loss 1.7557  lr 5.84e-05  ms/iter  1660.3  tok/s 19,736
iter   3995  loss 1.7477  lr 5.82e-05  ms/iter  1660.4  tok/s 19,735
[eval] iter   4000  train_loss 1.6589  val_loss 1.6806  lr 5.79e-05
  -> new best (val=1.6806); saved best.pt
iter   4000  loss 1.7527  lr 5.79e-05  ms/iter  5286.3  tok/s 6,199
iter   4005  loss 1.7781  lr 5.76e-05  ms/iter  1907.0  tok/s 17,183
iter   4010  loss 1.7724  lr 5.74e-05  ms/iter  1661.3  tok/s 19,724
iter   4015  loss 1.6733  lr 5.71e-05  ms/iter  1661.7  tok/s 19,719
iter   4020  loss 1.7623  lr 5.68e-05  ms/iter  1661.9  tok/s 19,717
iter   4025  loss 1.7508  lr 5.66e-05  ms/iter  1661.6  tok/s 19,720
iter   4030  loss 1.7265  lr 5.63e-05  ms/iter  1661.7  tok/s 19,720
iter   4035  loss 1.6972  lr 5.60e-05  ms/iter  1661.2  tok/s 19,725
iter   4040  loss 1.6650  lr 5.58e-05  ms/iter  1660.8  tok/s 19,730
iter   4045  loss 1.7617  lr 5.55e-05  ms/iter  1660.8  tok/s 19,731
iter   4050  loss 1.7274  lr 5.53e-05  ms/iter  1660.4  tok/s 19,735
iter   4055  loss 1.7205  lr 5.50e-05  ms/iter  1660.7  tok/s 19,732
iter   4060  loss 1.8180  lr 5.48e-05  ms/iter  1660.4  tok/s 19,735
iter   4065  loss 1.7363  lr 5.45e-05  ms/iter  1660.7  tok/s 19,731
iter   4070  loss 1.7040  lr 5.42e-05  ms/iter  1660.5  tok/s 19,733
iter   4075  loss 1.6843  lr 5.40e-05  ms/iter  1660.4  tok/s 19,735
iter   4080  loss 1.7398  lr 5.37e-05  ms/iter  1660.9  tok/s 19,730
iter   4085  loss 1.7243  lr 5.35e-05  ms/iter  1661.5  tok/s 19,722
iter   4090  loss 1.7453  lr 5.32e-05  ms/iter  1661.6  tok/s 19,721
iter   4095  loss 1.7344  lr 5.30e-05  ms/iter  1661.8  tok/s 19,719
iter   4100  loss 1.7743  lr 5.28e-05  ms/iter  1661.9  tok/s 19,717
iter   4105  loss 1.7571  lr 5.25e-05  ms/iter  1661.8  tok/s 19,719
iter   4110  loss 1.7119  lr 5.23e-05  ms/iter  1661.8  tok/s 19,718
iter   4115  loss 1.7546  lr 5.20e-05  ms/iter  1661.7  tok/s 19,720
iter   4120  loss 1.7246  lr 5.18e-05  ms/iter  1662.2  tok/s 19,713
iter   4125  loss 1.7374  lr 5.15e-05  ms/iter  1661.8  tok/s 19,718
iter   4130  loss 1.7153  lr 5.13e-05  ms/iter  1661.9  tok/s 19,717
iter   4135  loss 1.7077  lr 5.11e-05  ms/iter  1661.7  tok/s 19,720
iter   4140  loss 1.7220  lr 5.08e-05  ms/iter  1742.8  tok/s 18,802
iter   4145  loss 1.7405  lr 5.06e-05  ms/iter  1661.1  tok/s 19,726
iter   4150  loss 1.7426  lr 5.04e-05  ms/iter  1667.9  tok/s 19,647
iter   4155  loss 1.6933  lr 5.01e-05  ms/iter  1660.5  tok/s 19,733
iter   4160  loss 1.7082  lr 4.99e-05  ms/iter  1661.1  tok/s 19,727
iter   4165  loss 1.7166  lr 4.97e-05  ms/iter  1660.3  tok/s 19,736
iter   4170  loss 1.7367  lr 4.94e-05  ms/iter  1660.5  tok/s 19,733
iter   4175  loss 1.8079  lr 4.92e-05  ms/iter  1660.5  tok/s 19,734
iter   4180  loss 1.7741  lr 4.90e-05  ms/iter  1660.4  tok/s 19,735
iter   4185  loss 1.6993  lr 4.88e-05  ms/iter  1660.2  tok/s 19,737
iter   4190  loss 1.7355  lr 4.85e-05  ms/iter  1660.2  tok/s 19,737
iter   4195  loss 1.7275  lr 4.83e-05  ms/iter  1660.2  tok/s 19,737
iter   4200  loss 1.7066  lr 4.81e-05  ms/iter  1660.3  tok/s 19,736
iter   4205  loss 1.6997  lr 4.79e-05  ms/iter  1660.2  tok/s 19,737
iter   4210  loss 1.7703  lr 4.76e-05  ms/iter  1660.3  tok/s 19,736
iter   4215  loss 1.7346  lr 4.74e-05  ms/iter  1660.3  tok/s 19,736
iter   4220  loss 1.7071  lr 4.72e-05  ms/iter  1660.5  tok/s 19,734
iter   4225  loss 1.7359  lr 4.70e-05  ms/iter  1661.0  tok/s 19,728
iter   4230  loss 1.7096  lr 4.68e-05  ms/iter  1661.3  tok/s 19,724
iter   4235  loss 1.7005  lr 4.66e-05  ms/iter  1661.5  tok/s 19,721
iter   4240  loss 1.7224  lr 4.64e-05  ms/iter  1663.6  tok/s 19,697
iter   4245  loss 1.7371  lr 4.61e-05  ms/iter  1662.0  tok/s 19,716
[eval] iter   4250  train_loss 1.6528  val_loss 1.6553  lr 4.59e-05
  -> new best (val=1.6553); saved best.pt
iter   4250  loss 1.6897  lr 4.59e-05  ms/iter  5242.1  tok/s 6,251
iter   4255  loss 1.6775  lr 4.57e-05  ms/iter  1666.1  tok/s 19,668
iter   4260  loss 1.7362  lr 4.55e-05  ms/iter  1661.9  tok/s 19,717
iter   4265  loss 1.7447  lr 4.53e-05  ms/iter  1661.9  tok/s 19,718
iter   4270  loss 1.7079  lr 4.51e-05  ms/iter  1661.8  tok/s 19,719
iter   4275  loss 1.7163  lr 4.49e-05  ms/iter  1661.9  tok/s 19,718
iter   4280  loss 1.7279  lr 4.47e-05  ms/iter  1661.9  tok/s 19,717
iter   4285  loss 1.7293  lr 4.45e-05  ms/iter  1662.0  tok/s 19,716
iter   4290  loss 1.6594  lr 4.43e-05  ms/iter  1661.8  tok/s 19,719
iter   4295  loss 1.7268  lr 4.41e-05  ms/iter  1661.9  tok/s 19,717
iter   4300  loss 1.7296  lr 4.39e-05  ms/iter  1661.8  tok/s 19,718
iter   4305  loss 1.7406  lr 4.37e-05  ms/iter  1661.7  tok/s 19,720
iter   4310  loss 1.7545  lr 4.35e-05  ms/iter  1661.6  tok/s 19,721
iter   4315  loss 1.7575  lr 4.33e-05  ms/iter  1661.0  tok/s 19,728
iter   4320  loss 1.7029  lr 4.32e-05  ms/iter  1660.8  tok/s 19,731
iter   4325  loss 1.6871  lr 4.30e-05  ms/iter  1660.7  tok/s 19,732
iter   4330  loss 1.7627  lr 4.28e-05  ms/iter  1660.7  tok/s 19,731
iter   4335  loss 1.7551  lr 4.26e-05  ms/iter  1660.8  tok/s 19,730
iter   4340  loss 1.7730  lr 4.24e-05  ms/iter  1660.4  tok/s 19,735
iter   4345  loss 1.6735  lr 4.22e-05  ms/iter  1660.7  tok/s 19,732
iter   4350  loss 1.7838  lr 4.20e-05  ms/iter  1660.4  tok/s 19,735
iter   4355  loss 1.6614  lr 4.19e-05  ms/iter  1660.3  tok/s 19,736
iter   4360  loss 1.7394  lr 4.17e-05  ms/iter  1660.4  tok/s 19,735
iter   4365  loss 1.6921  lr 4.15e-05  ms/iter  1660.7  tok/s 19,731
iter   4370  loss 1.8484  lr 4.13e-05  ms/iter  1660.4  tok/s 19,736
iter   4375  loss 1.6812  lr 4.11e-05  ms/iter  1660.4  tok/s 19,735
iter   4380  loss 1.6956  lr 4.10e-05  ms/iter  1660.4  tok/s 19,735
iter   4385  loss 1.6891  lr 4.08e-05  ms/iter  1660.3  tok/s 19,736
iter   4390  loss 1.7704  lr 4.06e-05  ms/iter  1660.2  tok/s 19,737
iter   4395  loss 1.7287  lr 4.04e-05  ms/iter  1660.4  tok/s 19,735
iter   4400  loss 1.6955  lr 4.03e-05  ms/iter  1660.4  tok/s 19,735
iter   4405  loss 1.7871  lr 4.01e-05  ms/iter  1660.4  tok/s 19,735
iter   4410  loss 1.7625  lr 3.99e-05  ms/iter  1660.4  tok/s 19,735
iter   4415  loss 1.7760  lr 3.98e-05  ms/iter  1660.8  tok/s 19,730
iter   4420  loss 1.7138  lr 3.96e-05  ms/iter  1660.3  tok/s 19,736
iter   4425  loss 1.6711  lr 3.94e-05  ms/iter  1660.6  tok/s 19,733
iter   4430  loss 1.7352  lr 3.93e-05  ms/iter  1660.4  tok/s 19,735
iter   4435  loss 1.7347  lr 3.91e-05  ms/iter  1660.3  tok/s 19,736
iter   4440  loss 1.7675  lr 3.90e-05  ms/iter  1660.3  tok/s 19,736
iter   4445  loss 1.6971  lr 3.88e-05  ms/iter  1660.2  tok/s 19,738
iter   4450  loss 1.7087  lr 3.87e-05  ms/iter  1660.5  tok/s 19,733
iter   4455  loss 1.6814  lr 3.85e-05  ms/iter  1660.9  tok/s 19,729
iter   4460  loss 1.7077  lr 3.83e-05  ms/iter  1662.0  tok/s 19,716
iter   4465  loss 1.7076  lr 3.82e-05  ms/iter  1661.5  tok/s 19,722
iter   4470  loss 1.7279  lr 3.80e-05  ms/iter  1661.7  tok/s 19,720
iter   4475  loss 1.7635  lr 3.79e-05  ms/iter  1662.1  tok/s 19,714
iter   4480  loss 1.7835  lr 3.77e-05  ms/iter  1661.5  tok/s 19,722
iter   4485  loss 1.6714  lr 3.76e-05  ms/iter  1661.6  tok/s 19,721
iter   4490  loss 1.7469  lr 3.75e-05  ms/iter  1662.0  tok/s 19,717
iter   4495  loss 1.6854  lr 3.73e-05  ms/iter  1661.9  tok/s 19,718
[eval] iter   4500  train_loss 1.6606  val_loss 1.6590  lr 3.72e-05
iter   4500  loss 1.7448  lr 3.72e-05  ms/iter  5055.9  tok/s 6,481
iter   4505  loss 1.7246  lr 3.70e-05  ms/iter  1664.3  tok/s 19,689
iter   4510  loss 1.7286  lr 3.69e-05  ms/iter  1683.4  tok/s 19,465
iter   4515  loss 1.6871  lr 3.67e-05  ms/iter  1662.2  tok/s 19,713
iter   4520  loss 1.6921  lr 3.66e-05  ms/iter  1662.2  tok/s 19,713
iter   4525  loss 1.7294  lr 3.65e-05  ms/iter  1662.1  tok/s 19,715
iter   4530  loss 1.7525  lr 3.63e-05  ms/iter  1662.2  tok/s 19,714
iter   4535  loss 1.7469  lr 3.62e-05  ms/iter  1661.6  tok/s 19,720
iter   4540  loss 1.7453  lr 3.61e-05  ms/iter  1662.0  tok/s 19,716
iter   4545  loss 1.7248  lr 3.59e-05  ms/iter  1661.9  tok/s 19,717
iter   4550  loss 1.7210  lr 3.58e-05  ms/iter  1661.9  tok/s 19,717
iter   4555  loss 1.7004  lr 3.57e-05  ms/iter  1661.9  tok/s 19,717
iter   4560  loss 1.7013  lr 3.56e-05  ms/iter  1661.7  tok/s 19,720
iter   4565  loss 1.7436  lr 3.54e-05  ms/iter  1661.5  tok/s 19,722
iter   4570  loss 1.7388  lr 3.53e-05  ms/iter  1661.2  tok/s 19,726
iter   4575  loss 1.7398  lr 3.52e-05  ms/iter  1661.1  tok/s 19,727
iter   4580  loss 1.6880  lr 3.51e-05  ms/iter  1661.2  tok/s 19,726
iter   4585  loss 1.7528  lr 3.49e-05  ms/iter  1662.0  tok/s 19,716
iter   4590  loss 1.7162  lr 3.48e-05  ms/iter  1660.6  tok/s 19,733
iter   4595  loss 1.7458  lr 3.47e-05  ms/iter  1663.5  tok/s 19,698
iter   4600  loss 1.7189  lr 3.46e-05  ms/iter  1660.7  tok/s 19,732
iter   4605  loss 1.6609  lr 3.45e-05  ms/iter  1660.9  tok/s 19,729
iter   4610  loss 1.6959  lr 3.44e-05  ms/iter  1660.7  tok/s 19,731
iter   4615  loss 1.7174  lr 3.43e-05  ms/iter  1660.6  tok/s 19,733
iter   4620  loss 1.7510  lr 3.42e-05  ms/iter  1661.0  tok/s 19,728
iter   4625  loss 1.6808  lr 3.40e-05  ms/iter  1660.5  tok/s 19,734
iter   4630  loss 1.6847  lr 3.39e-05  ms/iter  1660.6  tok/s 19,733
iter   4635  loss 1.6955  lr 3.38e-05  ms/iter  1660.7  tok/s 19,731
iter   4640  loss 1.7386  lr 3.37e-05  ms/iter  1663.6  tok/s 19,698
iter   4645  loss 1.6960  lr 3.36e-05  ms/iter  1660.4  tok/s 19,736
iter   4650  loss 1.6804  lr 3.35e-05  ms/iter  1660.6  tok/s 19,732
iter   4655  loss 1.6878  lr 3.34e-05  ms/iter  1660.5  tok/s 19,734
iter   4660  loss 1.7364  lr 3.33e-05  ms/iter  1660.4  tok/s 19,735
iter   4665  loss 1.7622  lr 3.32e-05  ms/iter  1664.1  tok/s 19,692
iter   4670  loss 1.7018  lr 3.31e-05  ms/iter  1660.4  tok/s 19,735
iter   4675  loss 1.7534  lr 3.30e-05  ms/iter  1660.4  tok/s 19,736
iter   4680  loss 1.7482  lr 3.30e-05  ms/iter  1660.6  tok/s 19,733
iter   4685  loss 1.6983  lr 3.29e-05  ms/iter  1661.1  tok/s 19,727
iter   4690  loss 1.7276  lr 3.28e-05  ms/iter  1660.8  tok/s 19,730
iter   4695  loss 1.7576  lr 3.27e-05  ms/iter  1660.7  tok/s 19,731
iter   4700  loss 1.6345  lr 3.26e-05  ms/iter  1661.0  tok/s 19,727
iter   4705  loss 1.7304  lr 3.25e-05  ms/iter  1660.5  tok/s 19,733
iter   4710  loss 1.7464  lr 3.24e-05  ms/iter  1660.6  tok/s 19,732
iter   4715  loss 1.7357  lr 3.23e-05  ms/iter  1660.8  tok/s 19,730
iter   4720  loss 1.6914  lr 3.23e-05  ms/iter  1660.4  tok/s 19,735
iter   4725  loss 1.6925  lr 3.22e-05  ms/iter  1660.3  tok/s 19,736
iter   4730  loss 1.6883  lr 3.21e-05  ms/iter  1660.6  tok/s 19,733
iter   4735  loss 1.7588  lr 3.20e-05  ms/iter  1660.7  tok/s 19,732
iter   4740  loss 1.6833  lr 3.19e-05  ms/iter  1660.3  tok/s 19,737
iter   4745  loss 1.6813  lr 3.19e-05  ms/iter  1660.5  tok/s 19,734
[eval] iter   4750  train_loss 1.6454  val_loss 1.6432  lr 3.18e-05
  -> new best (val=1.6432); saved best.pt
iter   4750  loss 1.6751  lr 3.18e-05  ms/iter  5265.8  tok/s 6,223
iter   4755  loss 1.7074  lr 3.17e-05  ms/iter  1678.2  tok/s 19,525
iter   4760  loss 1.7053  lr 3.17e-05  ms/iter  1660.8  tok/s 19,730
iter   4765  loss 1.7464  lr 3.16e-05  ms/iter  1661.4  tok/s 19,723
iter   4770  loss 1.6753  lr 3.15e-05  ms/iter  1661.5  tok/s 19,722
iter   4775  loss 1.6745  lr 3.15e-05  ms/iter  1661.8  tok/s 19,718
iter   4780  loss 1.6706  lr 3.14e-05  ms/iter  1662.0  tok/s 19,716
iter   4785  loss 1.6921  lr 3.13e-05  ms/iter  1661.7  tok/s 19,720
iter   4790  loss 1.6791  lr 3.13e-05  ms/iter  1662.2  tok/s 19,714
iter   4795  loss 1.6845  lr 3.12e-05  ms/iter  1662.2  tok/s 19,714
iter   4800  loss 1.6683  lr 3.12e-05  ms/iter  1661.8  tok/s 19,719
iter   4805  loss 1.6692  lr 3.11e-05  ms/iter  1661.6  tok/s 19,721
iter   4810  loss 1.7285  lr 3.10e-05  ms/iter  1661.8  tok/s 19,718
iter   4815  loss 1.7211  lr 3.10e-05  ms/iter  1661.6  tok/s 19,721
iter   4820  loss 1.7449  lr 3.09e-05  ms/iter  1662.0  tok/s 19,716
iter   4825  loss 1.7160  lr 3.09e-05  ms/iter  1661.8  tok/s 19,718
iter   4830  loss 1.7330  lr 3.08e-05  ms/iter  1661.6  tok/s 19,720
iter   4835  loss 1.6994  lr 3.08e-05  ms/iter  1661.8  tok/s 19,718
iter   4840  loss 1.6583  lr 3.07e-05  ms/iter  1661.5  tok/s 19,722
iter   4845  loss 1.7089  lr 3.07e-05  ms/iter  1661.4  tok/s 19,723
iter   4850  loss 1.7114  lr 3.07e-05  ms/iter  1670.0  tok/s 19,622
iter   4855  loss 1.7126  lr 3.06e-05  ms/iter  1666.1  tok/s 19,667
iter   4860  loss 1.7492  lr 3.06e-05  ms/iter  1661.4  tok/s 19,723
iter   4865  loss 1.7487  lr 3.05e-05  ms/iter  1683.7  tok/s 19,462
iter   4870  loss 1.7136  lr 3.05e-05  ms/iter  1660.9  tok/s 19,729
iter   4875  loss 1.7110  lr 3.05e-05  ms/iter  1660.5  tok/s 19,734
iter   4880  loss 1.7534  lr 3.04e-05  ms/iter  1660.5  tok/s 19,734
iter   4885  loss 1.6722  lr 3.04e-05  ms/iter  1660.7  tok/s 19,731
iter   4890  loss 1.7040  lr 3.03e-05  ms/iter  1660.5  tok/s 19,734
iter   4895  loss 1.6895  lr 3.03e-05  ms/iter  1660.4  tok/s 19,735
iter   4900  loss 1.7163  lr 3.03e-05  ms/iter  1660.9  tok/s 19,730
iter   4905  loss 1.7212  lr 3.03e-05  ms/iter  1660.4  tok/s 19,735
iter   4910  loss 1.7345  lr 3.02e-05  ms/iter  1660.7  tok/s 19,731
iter   4915  loss 1.6853  lr 3.02e-05  ms/iter  1660.5  tok/s 19,734
iter   4920  loss 1.6687  lr 3.02e-05  ms/iter  1660.4  tok/s 19,735
iter   4925  loss 1.6946  lr 3.02e-05  ms/iter  1660.8  tok/s 19,731
iter   4930  loss 1.7156  lr 3.01e-05  ms/iter  1660.5  tok/s 19,734
iter   4935  loss 1.7165  lr 3.01e-05  ms/iter  1660.9  tok/s 19,729
iter   4940  loss 1.7132  lr 3.01e-05  ms/iter  1660.7  tok/s 19,731
iter   4945  loss 1.7473  lr 3.01e-05  ms/iter  1661.6  tok/s 19,721
iter   4950  loss 1.7522  lr 3.01e-05  ms/iter  1661.5  tok/s 19,722
iter   4955  loss 1.6786  lr 3.01e-05  ms/iter  1661.6  tok/s 19,720
iter   4960  loss 1.6946  lr 3.00e-05  ms/iter  1660.9  tok/s 19,729
iter   4965  loss 1.6689  lr 3.00e-05  ms/iter  1668.3  tok/s 19,641
iter   4970  loss 1.7049  lr 3.00e-05  ms/iter  1660.9  tok/s 19,729
iter   4975  loss 1.7226  lr 3.00e-05  ms/iter  1660.6  tok/s 19,733
iter   4980  loss 1.6824  lr 3.00e-05  ms/iter  1660.3  tok/s 19,736
iter   4985  loss 1.6762  lr 3.00e-05  ms/iter  1660.8  tok/s 19,731
iter   4990  loss 1.7098  lr 3.00e-05  ms/iter  1660.3  tok/s 19,736
iter   4995  loss 1.6915  lr 3.00e-05  ms/iter  1660.5  tok/s 19,733
[eval] iter   5000  train_loss 1.6144  val_loss 1.6509  lr 3.00e-05
iter   5000  loss 1.6824  lr 3.00e-05  ms/iter  5045.3  tok/s 6,495

Training done. Best val_loss: 1.6432
